DEBUG 2019-10-02 11:49:39.825 UTC: 	 Executing command: 'submit'
DEBUG 2019-10-02 11:49:39.829 UTC: 	 Found CRAB cache file /afs/cern.ch/user/j/jniedzie/.crab3
DEBUG 2019-10-02 11:49:39.843 UTC: 	 Checking credentials
DEBUG 2019-10-02 11:49:39.843 UTC: 	 Found proxy file /afs/cern.ch/user/j/jniedzie/x509up_u32542
DEBUG 2019-10-02 11:49:39.843 UTC: 	 Getting proxy life time left
DEBUG 2019-10-02 11:49:40.650 UTC: 	 Executing : 
 command : voms-proxy-info -file /afs/cern.ch/user/j/jniedzie/x509up_u32542 -timeleft
 output : 83157

 error: 
 retcode : 0
DEBUG 2019-10-02 11:49:41.355 UTC: 	 Executing : 
 command : voms-proxy-info -file /afs/cern.ch/user/j/jniedzie/x509up_u32542 -actimeleft
 output : 83156

 error: 
 retcode : 0
DEBUG 2019-10-02 11:49:41.355 UTC: 	 Proxy lifetime 83157 secs is different from voms extension lifetime 83156 secs for proxy: /afs/cern.ch/user/j/jniedzie/x509up_u32542
DEBUG 2019-10-02 11:49:41.355 UTC: 	 Proxy valid for 23:05:56 hours
INFO 2019-10-02 11:49:41.355 UTC: 	 Will use CRAB configuration file crabConfig.py
DEBUG 2019-10-02 11:49:41.356 UTC: 	 Loading CRAB configuration file.
DEBUG 2019-10-02 11:49:41.376 UTC: 	 Will use CRAB Analysis plugin (i.e. will run an analysis job type).
DEBUG 2019-10-02 11:49:41.496 UTC: 	 Executing : 
 command : openssl x509 -in ~/.globus/usercert.pem -subject -noout
 output : subject= /DC=ch/DC=cern/OU=Organic Units/OU=Users/CN=jniedzie/CN=734471/CN=Jeremi Niedziela

 error: 
 retcode : 0
DEBUG 2019-10-02 11:49:41.497 UTC: 	 Checking credentials
DEBUG 2019-10-02 11:49:41.497 UTC: 	 Found proxy file /afs/cern.ch/user/j/jniedzie/x509up_u32542
DEBUG 2019-10-02 11:49:41.497 UTC: 	 Getting proxy life time left
DEBUG 2019-10-02 11:49:42.306 UTC: 	 Executing : 
 command : voms-proxy-info -file /afs/cern.ch/user/j/jniedzie/x509up_u32542 -timeleft
 output : 83155

 error: 
 retcode : 0
DEBUG 2019-10-02 11:49:43.012 UTC: 	 Executing : 
 command : voms-proxy-info -file /afs/cern.ch/user/j/jniedzie/x509up_u32542 -actimeleft
 output : 83155

 error: 
 retcode : 0
DEBUG 2019-10-02 11:49:43.012 UTC: 	 Proxy valid for 23:05:55 hours
DEBUG 2019-10-02 11:49:43.818 UTC: 	 Executing : 
 command : env X509_USER_PROXY=/afs/cern.ch/user/j/jniedzie/x509up_u32542 voms-proxy-info -fqan
 output : /cms/Role=NULL/Capability=NULL

 error: 
 retcode : 0
DEBUG 2019-10-02 11:49:43.967 UTC: 	 Registering user credentials for server /DC=ch/DC=cern/OU=computers/CN=vocms(052|058|030|0118|0105|0109).cern.ch|/DC=ch/DC=cern/OU=computers/CN=crab-(preprod|prod)-tw(02|01).cern.ch
DEBUG 2019-10-02 11:49:44.077 UTC: 	 Executing : 
 command : openssl x509 -in ~/.globus/usercert.pem -subject -noout
 output : subject= /DC=ch/DC=cern/OU=Organic Units/OU=Users/CN=jniedzie/CN=734471/CN=Jeremi Niedziela

 error: 
 retcode : 0
DEBUG 2019-10-02 11:49:44.077 UTC: 	 Getting myproxy life time left for myproxy.cern.ch
DEBUG 2019-10-02 11:49:44.077 UTC: 	 Calculating hash of /DC=ch/DC=cern/OU=Organic Units/OU=Users/CN=jniedzie/CN=734471/CN=Jeremi Niedziela_cmsweb.cern.ch for credential name
DEBUG 2019-10-02 11:49:45.187 UTC: 	 Executing : 
 command : myproxy-info -l 7c7cddb8cec8636ba729640195a9eb1ee7c639f4 -s myproxy.cern.ch
 output : username: 7c7cddb8cec8636ba729640195a9eb1ee7c639f4
owner: /DC=ch/DC=cern/OU=Organic Units/OU=Users/CN=jniedzie/CN=734471/CN=Jeremi Niedziela
  renewal policy: /DC=ch/DC=cern/OU=computers/CN=vocms(052|058|030|0118|0105|0109).cern.ch|/DC=ch/DC=cern/OU=computers/CN=crab-(preprod|prod)-tw(02|01).cern.ch
  trusted retrieval policy: /DC=ch/DC=cern/OU=computers/CN=vocms(052|058|030|0118|0105|0109).cern.ch|/DC=ch/DC=cern/OU=computers/CN=crab-(preprod|prod)-tw(02|01).cern.ch
  timeleft: 579:04:57  (24.1 days)

 error: 
 retcode : 0
DEBUG 2019-10-02 11:49:45.188 UTC: 	 Myproxy is valid: 2084697
DEBUG 2019-10-02 11:49:45.188 UTC: 	 Command use: submit
DEBUG 2019-10-02 11:49:45.188 UTC: 	 Options use: ['-c', 'crabConfig.py']
DEBUG 2019-10-02 11:49:45.327 UTC: 	 CRABClient version: 3.3.1909
DEBUG 2019-10-02 11:49:45.327 UTC: 	 Instance is prod
DEBUG 2019-10-02 11:49:45.327 UTC: 	 Server base url is cmsweb.cern.ch
DEBUG 2019-10-02 11:49:45.327 UTC: 	 Command url /crabserver/prod/workflow
DEBUG 2019-10-02 11:49:45.328 UTC: 	 Started submission
DEBUG 2019-10-02 11:49:45.328 UTC: 	 Working on /afs/cern.ch/work/j/jniedzie/private/CMSSW_9_4_6_patch1/src/crabFriendTrees/crab_projects/crab_friendTreesProducer
DEBUG 2019-10-02 11:49:45.569 UTC: 	 Loading required information from the environment
DEBUG 2019-10-02 11:49:45.569 UTC: 	 Found CMSSW_9_4_6_patch1 for slc6_amd64_gcc630 with base /afs/cern.ch/work/j/jniedzie/private/CMSSW_9_4_6_patch1
DEBUG 2019-10-02 11:49:45.569 UTC: 	 Loading required information from the environment
DEBUG 2019-10-02 11:49:45.569 UTC: 	 Found CMSSW_9_4_6_patch1 for slc6_amd64_gcc630 with base /afs/cern.ch/work/j/jniedzie/private/CMSSW_9_4_6_patch1
DEBUG 2019-10-02 11:49:45.587 UTC: 	 UNIQUE NAME: tarUUID fd77914d-3c1e-4699-a6fa-1978261e307e 
DEBUG 2019-10-02 11:49:45.588 UTC: 	 self.config: from WMCore.Configuration import Configuration
config = Configuration()
config.section_('General')
config.General.transferLogs = True
config.General.transferOutputs = True
config.General.workArea = 'crab_projects'
config.General.requestName = 'friendTreesProducer'
config.section_('JobType')
config.JobType.psetName = '/afs/cern.ch/work/j/jniedzie/private/CMSSW_9_4_6_patch1/src/CharginoAnalysis/CharginoAnalyzer/python/ConfFile_cfg.py'
config.JobType.pluginName = 'Analysis'
config.section_('Data')
config.Data.inputDataset = '/WToLNuJets_HT_200_400/jniedzie-crab_pickEvents_miniAOD-18783c0a07109245951450a1a4f55409/USER'
config.Data.outputDatasetTag = 'friendTreesProducer'
config.Data.publication = False
config.Data.unitsPerJob = 10
config.Data.splitting = 'FileBased'
config.Data.inputDBS = 'phys03'
config.Data.outLFNDirBase = '/store/group/phys_exotica/xtracks/taggerStudy/friend_info'
config.Data.secondaryInputDataset = '/WToLNuJets_HT_200_400/jniedzie-crab_pickEvents_HLTDIGI-424e4485a07f26f554e82f829d793003/USER'
config.section_('Site')
config.Site.storageSite = 'T2_CH_CSCS'
config.section_('User')
config.section_('Debug')

DEBUG 2019-10-02 11:49:45.588 UTC: 	 self.config.JobType.psetName: /afs/cern.ch/work/j/jniedzie/private/CMSSW_9_4_6_patch1/src/CharginoAnalysis/CharginoAnalyzer/python/ConfFile_cfg.py
INFO 2019-10-02 11:49:45.588 UTC: 	 Importing CMSSW configuration /afs/cern.ch/work/j/jniedzie/private/CMSSW_9_4_6_patch1/src/CharginoAnalysis/CharginoAnalyzer/python/ConfFile_cfg.py
INFO 2019-10-02 11:49:53.109 UTC: 	 Finished importing CMSSW configuration /afs/cern.ch/work/j/jniedzie/private/CMSSW_9_4_6_patch1/src/CharginoAnalysis/CharginoAnalyzer/python/ConfFile_cfg.py
DEBUG 2019-10-02 11:49:53.109 UTC: 	 Writing CMSSW configuration to /afs/cern.ch/work/j/jniedzie/private/CMSSW_9_4_6_patch1/src/crabFriendTrees/crab_projects/crab_friendTreesProducer/inputs/PSet.py
DEBUG 2019-10-02 11:49:55.792 UTC: 	 The following EDM output files will be collected: []
DEBUG 2019-10-02 11:49:55.792 UTC: 	 The following TFile output files will be collected: ['tree_friend.root']
DEBUG 2019-10-02 11:49:55.792 UTC: 	 The following user output files will be collected: []
DEBUG 2019-10-02 11:49:55.792 UTC: 	 Loading required information from the environment
DEBUG 2019-10-02 11:49:55.792 UTC: 	 Found CMSSW_9_4_6_patch1 for slc6_amd64_gcc630 with base /afs/cern.ch/work/j/jniedzie/private/CMSSW_9_4_6_patch1
DEBUG 2019-10-02 11:49:55.792 UTC: 	 Making tarball in /afs/cern.ch/work/j/jniedzie/private/CMSSW_9_4_6_patch1/src/crabFriendTrees/crab_projects/crab_friendTreesProducer/inputs/fd77914d-3c1e-4699-a6fa-1978261e307edefault.tgz
DEBUG 2019-10-02 11:49:55.821 UTC: 	 Checking directory /afs/cern.ch/work/j/jniedzie/private/CMSSW_9_4_6_patch1/lib
DEBUG 2019-10-02 11:49:55.821 UTC: 	 Adding directory /afs/cern.ch/work/j/jniedzie/private/CMSSW_9_4_6_patch1/lib to tarball
DEBUG 2019-10-02 11:49:56.217 UTC: 	 Checking directory /afs/cern.ch/work/j/jniedzie/private/CMSSW_9_4_6_patch1/biglib
DEBUG 2019-10-02 11:49:56.217 UTC: 	 Adding directory /afs/cern.ch/work/j/jniedzie/private/CMSSW_9_4_6_patch1/biglib to tarball
DEBUG 2019-10-02 11:49:59.649 UTC: 	 Checking directory /afs/cern.ch/work/j/jniedzie/private/CMSSW_9_4_6_patch1/module
DEBUG 2019-10-02 11:49:59.857 UTC: 	 Adding data directory /afs/cern.ch/work/j/jniedzie/private/CMSSW_9_4_6_patch1/src/DisappTrks/SignalMC/data to tarball
DEBUG 2019-10-02 11:49:59.970 UTC: 	 Adding data directory /afs/cern.ch/work/j/jniedzie/private/CMSSW_9_4_6_patch1/src/SimG4Core/Application/interface to tarball
DEBUG 2019-10-02 11:50:00.063 UTC: 	 Adding data directory /afs/cern.ch/work/j/jniedzie/private/CMSSW_9_4_6_patch1/src/SimG4Core/CustomPhysics/data to tarball
DEBUG 2019-10-02 11:50:00.303 UTC: 	 Adding data directory /afs/cern.ch/work/j/jniedzie/private/CMSSW_9_4_6_patch1/src/SimG4Core/CustomPhysics/interface to tarball
DEBUG 2019-10-02 11:50:02.979 UTC: 	 Uploading archive /afs/cern.ch/work/j/jniedzie/private/CMSSW_9_4_6_patch1/src/crabFriendTrees/crab_projects/crab_friendTreesProducer/inputs/fd77914d-3c1e-4699-a6fa-1978261e307edefault.tgz (9.807617.1 MB) to the CRAB cache. Using URI https://cmsweb.cern.ch/crabcache
DEBUG 2019-10-02 11:50:17.289 UTC: 	 Loading required information from the environment
DEBUG 2019-10-02 11:50:17.289 UTC: 	 Found CMSSW_9_4_6_patch1 for slc6_amd64_gcc630 with base /afs/cern.ch/work/j/jniedzie/private/CMSSW_9_4_6_patch1
DEBUG 2019-10-02 11:50:17.289 UTC: 	 Making tarball in /afs/cern.ch/work/j/jniedzie/private/CMSSW_9_4_6_patch1/src/crabFriendTrees/crab_projects/crab_friendTreesProducer/inputs/debugFiles.tgz
DEBUG 2019-10-02 11:50:17.294 UTC: 	 Uploading archive /afs/cern.ch/work/j/jniedzie/private/CMSSW_9_4_6_patch1/src/crabFriendTrees/crab_projects/crab_friendTreesProducer/inputs/debugFiles.tgz (1 KB) to the CRAB cache. Using URI https://cmsweb.cern.ch/crabcache
DEBUG 2019-10-02 11:50:17.441 UTC: 	 Result uploading input files: ac1a5e6ddb937c01ce2c4de2f412f5e255cbc43830c87fce47cc96ed8d699800.tar.gz 
INFO 2019-10-02 11:50:17.441 UTC: 	 Sending the request to the server
DEBUG 2019-10-02 11:50:17.442 UTC: 	 Submitting {'maxjobruntime': 1250, 'extrajdl': [], 'ignorelocality': 0, 'savelogsflag': 1, 'useparent': 0, 'asyncdest': 'T2_CH_CSCS', 'algoargs': 10, 'cachefilename': 'ac1a5e6ddb937c01ce2c4de2f412f5e255cbc43830c87fce47cc96ed8d699800.tar.gz', 'numcores': 1, 'addoutputfiles': [], 'generator': 'pythia', 'maxmemory': 2000, 'publishdbsurl': 'https://cmsweb.cern.ch/dbs/prod/phys03/DBSWriter', 'priority': 10, 'jobsw': 'CMSSW_9_4_6_patch1', 'edmoutfiles': [], 'userfiles': [], 'primarydataset': '', 'inputdata': '/WToLNuJets_HT_200_400/jniedzie-crab_pickEvents_miniAOD-18783c0a07109245951450a1a4f55409/USER', 'lfn': '/store/group/phys_exotica/xtracks/taggerStudy/friend_info', 'dryrun': 0, 'workflow': 'crab_friendTreesProducer', 'cacheurl': u'https://cmsweb.cern.ch/crabcache', 'secondarydata': '/WToLNuJets_HT_200_400/jniedzie-crab_pickEvents_HLTDIGI-424e4485a07f26f554e82f829d793003/USER', 'nonprodsw': 0, 'tfileoutfiles': ['tree_friend.root'], 'oneEventMode': 0, 'debugfilename': '7adca2d55c1d9439b68692b08af3e45fb264f54e3413937c0ba398224d0d57df.tar.gz', 'saveoutput': 1, 'publication': 0, 'jobarch': 'slc6_amd64_gcc630', 'totalunits': 0, 'splitalgo': 'FileBased', 'ignoreglobalblacklist': 0, 'nonvaliddata': 0, 'dbsurl': 'https://cmsweb.cern.ch/dbs/prod/phys03/DBSReader', 'publishgroupname': 0, 'jobtype': 'Analysis', 'publishname2': 'friendTreesProducer'} 
DEBUG 2019-10-02 11:50:17.442 UTC: 	 Encoded submit request: maxjobruntime=1250&ignorelocality=0&savelogsflag=1&useparent=0&asyncdest=T2_CH_CSCS&algoargs=10&cachefilename=ac1a5e6ddb937c01ce2c4de2f412f5e255cbc43830c87fce47cc96ed8d699800.tar.gz&numcores=1&generator=pythia&maxmemory=2000&publishdbsurl=https%3A%2F%2Fcmsweb.cern.ch%2Fdbs%2Fprod%2Fphys03%2FDBSWriter&priority=10&jobsw=CMSSW_9_4_6_patch1&primarydataset=&inputdata=%2FWToLNuJets_HT_200_400%2Fjniedzie-crab_pickEvents_miniAOD-18783c0a07109245951450a1a4f55409%2FUSER&lfn=%2Fstore%2Fgroup%2Fphys_exotica%2Fxtracks%2FtaggerStudy%2Ffriend_info&dryrun=0&workflow=crab_friendTreesProducer&cacheurl=https%3A%2F%2Fcmsweb.cern.ch%2Fcrabcache&secondarydata=%2FWToLNuJets_HT_200_400%2Fjniedzie-crab_pickEvents_HLTDIGI-424e4485a07f26f554e82f829d793003%2FUSER&nonprodsw=0&oneEventMode=0&debugfilename=7adca2d55c1d9439b68692b08af3e45fb264f54e3413937c0ba398224d0d57df.tar.gz&saveoutput=1&publication=0&jobarch=slc6_amd64_gcc630&totalunits=0&splitalgo=FileBased&ignoreglobalblacklist=0&nonvaliddata=0&dbsurl=https%3A%2F%2Fcmsweb.cern.ch%2Fdbs%2Fprod%2Fphys03%2FDBSReader&publishgroupname=0&jobtype=Analysis&publishname2=friendTreesProducer&tfileoutfiles=tree_friend.root
DEBUG 2019-10-02 11:50:17.690 UTC: 	 Result: {u'result': [{u'RequestName': u'191002_115017:jniedzie_crab_friendTreesProducer'}]}
INFO 2019-10-02 11:50:17.692 UTC: 	 Success: Your task has been delivered to the CRAB3 server.
INFO 2019-10-02 11:50:17.693 UTC: 	 Task name: 191002_115017:jniedzie_crab_friendTreesProducer
INFO 2019-10-02 11:50:17.693 UTC: 	 Project dir: crab_projects/crab_friendTreesProducer
INFO 2019-10-02 11:50:17.693 UTC: 	 Please use 'crab status -d crab_projects/crab_friendTreesProducer' to check how the submission process proceeds.
DEBUG 2019-10-02 11:50:17.693 UTC: 	 About to return
INFO 2019-10-02 11:50:17.695 UTC: 	 Log file is /afs/cern.ch/work/j/jniedzie/private/CMSSW_9_4_6_patch1/src/crabFriendTrees/crab_projects/crab_friendTreesProducer/crab.log
DEBUG 2019-10-02 11:50:26.250 UTC: 	 Executing command: 'status'
DEBUG 2019-10-02 11:50:26.250 UTC: 	 Found CRAB cache file /afs/cern.ch/user/j/jniedzie/.crab3
DEBUG 2019-10-02 11:50:26.259 UTC: 	 Checking credentials
DEBUG 2019-10-02 11:50:26.259 UTC: 	 Found proxy file /afs/cern.ch/user/j/jniedzie/x509up_u32542
DEBUG 2019-10-02 11:50:26.259 UTC: 	 Getting proxy life time left
DEBUG 2019-10-02 11:50:27.069 UTC: 	 Executing : 
 command : voms-proxy-info -file /afs/cern.ch/user/j/jniedzie/x509up_u32542 -timeleft
 output : 83110

 error: 
 retcode : 0
DEBUG 2019-10-02 11:50:27.876 UTC: 	 Executing : 
 command : voms-proxy-info -file /afs/cern.ch/user/j/jniedzie/x509up_u32542 -actimeleft
 output : 83110

 error: 
 retcode : 0
DEBUG 2019-10-02 11:50:27.876 UTC: 	 Proxy valid for 23:05:10 hours
DEBUG 2019-10-02 11:50:27.990 UTC: 	 Executing : 
 command : openssl x509 -in ~/.globus/usercert.pem -subject -noout
 output : subject= /DC=ch/DC=cern/OU=Organic Units/OU=Users/CN=jniedzie/CN=734471/CN=Jeremi Niedziela

 error: 
 retcode : 0
DEBUG 2019-10-02 11:50:27.990 UTC: 	 Checking credentials
DEBUG 2019-10-02 11:50:27.990 UTC: 	 Found proxy file /afs/cern.ch/user/j/jniedzie/x509up_u32542
DEBUG 2019-10-02 11:50:27.990 UTC: 	 Getting proxy life time left
DEBUG 2019-10-02 11:50:28.796 UTC: 	 Executing : 
 command : voms-proxy-info -file /afs/cern.ch/user/j/jniedzie/x509up_u32542 -timeleft
 output : 83109

 error: 
 retcode : 0
DEBUG 2019-10-02 11:50:29.503 UTC: 	 Executing : 
 command : voms-proxy-info -file /afs/cern.ch/user/j/jniedzie/x509up_u32542 -actimeleft
 output : 83108

 error: 
 retcode : 0
DEBUG 2019-10-02 11:50:29.503 UTC: 	 Proxy lifetime 83109 secs is different from voms extension lifetime 83108 secs for proxy: /afs/cern.ch/user/j/jniedzie/x509up_u32542
DEBUG 2019-10-02 11:50:29.503 UTC: 	 Proxy valid for 23:05:08 hours
DEBUG 2019-10-02 11:50:29.680 UTC: 	 Registering user credentials for server /DC=ch/DC=cern/OU=computers/CN=vocms(052|058|030|0118|0105|0109).cern.ch|/DC=ch/DC=cern/OU=computers/CN=crab-(preprod|prod)-tw(02|01).cern.ch
DEBUG 2019-10-02 11:50:29.791 UTC: 	 Executing : 
 command : openssl x509 -in ~/.globus/usercert.pem -subject -noout
 output : subject= /DC=ch/DC=cern/OU=Organic Units/OU=Users/CN=jniedzie/CN=734471/CN=Jeremi Niedziela

 error: 
 retcode : 0
DEBUG 2019-10-02 11:50:29.792 UTC: 	 Getting myproxy life time left for myproxy.cern.ch
DEBUG 2019-10-02 11:50:29.792 UTC: 	 Calculating hash of /DC=ch/DC=cern/OU=Organic Units/OU=Users/CN=jniedzie/CN=734471/CN=Jeremi Niedziela_cmsweb.cern.ch for credential name
DEBUG 2019-10-02 11:50:31.302 UTC: 	 Executing : 
 command : myproxy-info -l 7c7cddb8cec8636ba729640195a9eb1ee7c639f4 -s myproxy.cern.ch
 output : username: 7c7cddb8cec8636ba729640195a9eb1ee7c639f4
owner: /DC=ch/DC=cern/OU=Organic Units/OU=Users/CN=jniedzie/CN=734471/CN=Jeremi Niedziela
  renewal policy: /DC=ch/DC=cern/OU=computers/CN=vocms(052|058|030|0118|0105|0109).cern.ch|/DC=ch/DC=cern/OU=computers/CN=crab-(preprod|prod)-tw(02|01).cern.ch
  trusted retrieval policy: /DC=ch/DC=cern/OU=computers/CN=vocms(052|058|030|0118|0105|0109).cern.ch|/DC=ch/DC=cern/OU=computers/CN=crab-(preprod|prod)-tw(02|01).cern.ch
  timeleft: 579:04:11  (24.1 days)

 error: 
 retcode : 0
DEBUG 2019-10-02 11:50:31.303 UTC: 	 Myproxy is valid: 2084651
DEBUG 2019-10-02 11:50:31.304 UTC: 	 Command use: status
DEBUG 2019-10-02 11:50:31.304 UTC: 	 Options use: ['-d', 'crab_projects/crab_friendTreesProducer']
DEBUG 2019-10-02 11:50:31.449 UTC: 	 CRABClient version: 3.3.1909
DEBUG 2019-10-02 11:50:31.449 UTC: 	 Instance is prod
DEBUG 2019-10-02 11:50:31.449 UTC: 	 Server base url is cmsweb.cern.ch
DEBUG 2019-10-02 11:50:31.449 UTC: 	 Command url /crabserver/prod/workflow
DEBUG 2019-10-02 11:50:31.594 UTC: 	 Got information from server oracle database: {u'result': [u'191002_115017:jniedzie_crab_friendTreesProducer', u'None', u'None', u'NEW', u'SUBMIT', u'2019-10-02 11:50:17.676668', u'None', u'None', u'None', u'CMSSW_9_4_6_patch1', u'slc6_amd64_gcc630', u'/WToLNuJets_HT_200_400/jniedzie-crab_pickEvents_miniAOD-18783c0a07109245951450a1a4f55409/USER', u'F', u'0', u'[]', u'[]', u'FileBased', u"{'splitOnRun': False, 'halt_job_on_file_boundaries': False, 'files_per_job': 10, 'runs': [], 'lumis': []}", u'ac1a5e6ddb937c01ce2c4de2f412f5e255cbc43830c87fce47cc96ed8d699800.tar.gz', u'https://cmsweb.cern.ch/crabcache', u'jniedzie', u'/DC=ch/DC=cern/OU=Organic Units/OU=Users/CN=jniedzie/CN=734471/CN=Jeremi Niedziela', u'cms', u'None', u'None', u'friendTreesProducer-00000000000000000000000000000000', u'F', u'T2_CH_CSCS', u'https://cmsweb.cern.ch/dbs/prod/phys03/DBSReader', u'https://cmsweb.cern.ch/dbs/prod/phys03/DBSWriter', u'F', u'[]', u"['tree_friend.root']", u'[]', u'Analysis', u'pythia', u'None', u'{}', u'[]', u'T', u'None', u'[]', u'1250', u'1', u'2000', u'10', u'None', u'[]', u'None', u'None', u'[]', u'[]', u'https://cmsweb.cern.ch/crabserver/prod', u'cmsgwms-collector-global.cern.ch:9620,cmssrv623.fnal.gov:9620', u'None', u'F', u'[]', u'T', u'/store/group/phys_exotica/xtracks/taggerStudy/friend_info', u'F', u'None', u'F', u'/WToLNuJets_HT_200_400/jniedzie-crab_pickEvents_HLTDIGI-424e4485a07f26f554e82f829d793003/USER', u'WToLNuJets_HT_200_400', u'None', u'7adca2d55c1d9439b68692b08af3e45fb264f54e3413937c0ba398224d0d57df.tar.gz', u'None', u'filetransfers', u'F', u'137.138.158.236', u'0.0', u'None'], u'desc': {u'columns': [u'tm_taskname', u'tm_activity', u'panda_jobset_id', u'tm_task_status', u'tm_task_command', u'tm_start_time', u'tm_start_injection', u'tm_end_injection', u'tm_task_failure', u'tm_job_sw', u'tm_job_arch', u'tm_input_dataset', u'tm_nonvalid_input_dataset', u'tm_use_parent', u'tm_site_whitelist', u'tm_site_blacklist', u'tm_split_algo', u'tm_split_args', u'tm_user_sandbox', u'tm_cache_url', u'tm_username', u'tm_user_dn', u'tm_user_vo', u'tm_user_role', u'tm_user_group', u'tm_publish_name', u'tm_publish_groupname', u'tm_asyncdest', u'tm_dbs_url', u'tm_publish_dbs_url', u'tm_publication', u'tm_outfiles', u'tm_tfile_outfiles', u'tm_edm_outfiles', u'tm_job_type', u'tm_generator', u'tm_events_per_lumi', u'tm_arguments', u'panda_resubmitted_jobs', u'tm_save_logs', u'tw_name', u'tm_user_infiles', u'tm_maxjobruntime', u'tm_numcores', u'tm_maxmemory', u'tm_priority', u'tm_output_dataset', u'tm_task_warnings', u'tm_user_webdir', u'tm_scriptexe', u'tm_scriptargs', u'tm_extrajdl', u'tm_asourl', u'tm_collector', u'tm_schedd', u'tm_dry_run', u'tm_user_files', u'tm_transfer_outputs', u'tm_output_lfn', u'tm_ignore_locality', u'tm_fail_limit', u'tm_one_event_mode', u'tm_secondary_input_dataset', u'tm_primary_dataset', u'tm_last_publication', u'tm_debug_files', u'clusterid', u'tm_asodb', u'tm_ignore_global_blacklist', u'tm_submitter_ip_addr', u'tm_totalunits', u'tm_ddm_reqid']}}
INFO 2019-10-02 11:50:31.594 UTC: 	 CRAB project directory:		/afs/cern.ch/work/j/jniedzie/private/CMSSW_9_4_6_patch1/src/crabFriendTrees/crab_projects/crab_friendTreesProducer
INFO 2019-10-02 11:50:31.595 UTC: 	 Task name:			191002_115017:jniedzie_crab_friendTreesProducer
INFO 2019-10-02 11:50:31.595 UTC: 	 Grid scheduler - Task Worker:	N/A yet - N/A yet
INFO 2019-10-02 11:50:31.595 UTC: 	 Status on the CRAB server:	NEW on command SUBMIT
INFO 2019-10-02 11:50:31.595 UTC: 	 Task URL to use for HELP:	https://cmsweb.cern.ch/crabserver/ui/task/191002_115017%3Ajniedzie_crab_friendTreesProducer
INFO 2019-10-02 11:50:31.595 UTC: 	 Dashboard monitoring URL:	http://dashb-cms-job.cern.ch/dashboard/templates/task-analysis/#user=jniedzie&refresh=0&table=Jobs&p=1&records=25&activemenu=2&status=&site=&tid=191002_115017%3Ajniedzie_crab_friendTreesProducer
INFO 2019-10-02 11:50:31.595 UTC: 	 New dashboard monitoring URL:	https://monit-grafana.cern.ch/d/cmsTMDetail/cms-task-monitoring-task-view?orgId=11&var-user=jniedzie&var-task=191002_115017%3Ajniedzie_crab_friendTreesProducer
INFO 2019-10-02 11:50:31.595 UTC: 	 In case of issues with the new dashboard, please provide feedback to hn-cms-computing-tools@cern.ch
DEBUG 2019-10-02 11:50:31.596 UTC: 	 The task has not been submitted to the Grid scheduler yet. Not printing job information.
INFO 2019-10-02 11:50:31.622 UTC: 	 Log file is /afs/cern.ch/work/j/jniedzie/private/CMSSW_9_4_6_patch1/src/crabFriendTrees/crab_projects/crab_friendTreesProducer/crab.log
DEBUG 2019-10-02 11:54:43.964 UTC: 	 Executing command: 'status'
DEBUG 2019-10-02 11:54:43.964 UTC: 	 Found CRAB cache file /afs/cern.ch/user/j/jniedzie/.crab3
DEBUG 2019-10-02 11:54:43.973 UTC: 	 Checking credentials
DEBUG 2019-10-02 11:54:43.973 UTC: 	 Found proxy file /afs/cern.ch/user/j/jniedzie/x509up_u32542
DEBUG 2019-10-02 11:54:43.973 UTC: 	 Getting proxy life time left
DEBUG 2019-10-02 11:54:44.883 UTC: 	 Executing : 
 command : voms-proxy-info -file /afs/cern.ch/user/j/jniedzie/x509up_u32542 -timeleft
 output : 82853

 error: 
 retcode : 0
DEBUG 2019-10-02 11:54:45.690 UTC: 	 Executing : 
 command : voms-proxy-info -file /afs/cern.ch/user/j/jniedzie/x509up_u32542 -actimeleft
 output : 82852

 error: 
 retcode : 0
DEBUG 2019-10-02 11:54:45.690 UTC: 	 Proxy lifetime 82853 secs is different from voms extension lifetime 82852 secs for proxy: /afs/cern.ch/user/j/jniedzie/x509up_u32542
DEBUG 2019-10-02 11:54:45.690 UTC: 	 Proxy valid for 23:00:52 hours
DEBUG 2019-10-02 11:54:45.806 UTC: 	 Executing : 
 command : openssl x509 -in ~/.globus/usercert.pem -subject -noout
 output : subject= /DC=ch/DC=cern/OU=Organic Units/OU=Users/CN=jniedzie/CN=734471/CN=Jeremi Niedziela

 error: 
 retcode : 0
DEBUG 2019-10-02 11:54:45.807 UTC: 	 Checking credentials
DEBUG 2019-10-02 11:54:45.807 UTC: 	 Found proxy file /afs/cern.ch/user/j/jniedzie/x509up_u32542
DEBUG 2019-10-02 11:54:45.807 UTC: 	 Getting proxy life time left
DEBUG 2019-10-02 11:54:46.618 UTC: 	 Executing : 
 command : voms-proxy-info -file /afs/cern.ch/user/j/jniedzie/x509up_u32542 -timeleft
 output : 82851

 error: 
 retcode : 0
DEBUG 2019-10-02 11:54:47.424 UTC: 	 Executing : 
 command : voms-proxy-info -file /afs/cern.ch/user/j/jniedzie/x509up_u32542 -actimeleft
 output : 82850

 error: 
 retcode : 0
DEBUG 2019-10-02 11:54:47.425 UTC: 	 Proxy lifetime 82851 secs is different from voms extension lifetime 82850 secs for proxy: /afs/cern.ch/user/j/jniedzie/x509up_u32542
DEBUG 2019-10-02 11:54:47.425 UTC: 	 Proxy valid for 23:00:50 hours
DEBUG 2019-10-02 11:54:47.590 UTC: 	 Registering user credentials for server /DC=ch/DC=cern/OU=computers/CN=vocms(052|058|030|0118|0105|0109).cern.ch|/DC=ch/DC=cern/OU=computers/CN=crab-(preprod|prod)-tw(02|01).cern.ch
DEBUG 2019-10-02 11:54:47.699 UTC: 	 Executing : 
 command : openssl x509 -in ~/.globus/usercert.pem -subject -noout
 output : subject= /DC=ch/DC=cern/OU=Organic Units/OU=Users/CN=jniedzie/CN=734471/CN=Jeremi Niedziela

 error: 
 retcode : 0
DEBUG 2019-10-02 11:54:47.699 UTC: 	 Getting myproxy life time left for myproxy.cern.ch
DEBUG 2019-10-02 11:54:47.699 UTC: 	 Calculating hash of /DC=ch/DC=cern/OU=Organic Units/OU=Users/CN=jniedzie/CN=734471/CN=Jeremi Niedziela_cmsweb.cern.ch for credential name
DEBUG 2019-10-02 11:54:48.105 UTC: 	 Executing : 
 command : myproxy-info -l 7c7cddb8cec8636ba729640195a9eb1ee7c639f4 -s myproxy.cern.ch
 output : username: 7c7cddb8cec8636ba729640195a9eb1ee7c639f4
owner: /DC=ch/DC=cern/OU=Organic Units/OU=Users/CN=jniedzie/CN=734471/CN=Jeremi Niedziela
  renewal policy: /DC=ch/DC=cern/OU=computers/CN=vocms(052|058|030|0118|0105|0109).cern.ch|/DC=ch/DC=cern/OU=computers/CN=crab-(preprod|prod)-tw(02|01).cern.ch
  trusted retrieval policy: /DC=ch/DC=cern/OU=computers/CN=vocms(052|058|030|0118|0105|0109).cern.ch|/DC=ch/DC=cern/OU=computers/CN=crab-(preprod|prod)-tw(02|01).cern.ch
  timeleft: 578:59:54  (24.1 days)

 error: 
 retcode : 0
DEBUG 2019-10-02 11:54:48.106 UTC: 	 Myproxy is valid: 2084394
DEBUG 2019-10-02 11:54:48.107 UTC: 	 Command use: status
DEBUG 2019-10-02 11:54:48.107 UTC: 	 Options use: ['-d', 'crab_projects/crab_friendTreesProducer']
DEBUG 2019-10-02 11:54:48.250 UTC: 	 CRABClient version: 3.3.1909
DEBUG 2019-10-02 11:54:48.250 UTC: 	 Instance is prod
DEBUG 2019-10-02 11:54:48.250 UTC: 	 Server base url is cmsweb.cern.ch
DEBUG 2019-10-02 11:54:48.250 UTC: 	 Command url /crabserver/prod/workflow
DEBUG 2019-10-02 11:54:48.386 UTC: 	 Got information from server oracle database: {u'result': [u'191002_115017:jniedzie_crab_friendTreesProducer', u'None', u'None', u'SUBMITTED', u'SUBMIT', u'2019-10-02 11:50:17.676668', u'None', u'2019-10-02 11:51:18.796379', u'None', u'CMSSW_9_4_6_patch1', u'slc6_amd64_gcc630', u'/WToLNuJets_HT_200_400/jniedzie-crab_pickEvents_miniAOD-18783c0a07109245951450a1a4f55409/USER', u'F', u'0', u'[]', u'[]', u'FileBased', u"{'splitOnRun': False, 'halt_job_on_file_boundaries': False, 'files_per_job': 10, 'runs': [], 'lumis': []}", u'ac1a5e6ddb937c01ce2c4de2f412f5e255cbc43830c87fce47cc96ed8d699800.tar.gz', u'https://cmsweb.cern.ch/crabcache', u'jniedzie', u'/DC=ch/DC=cern/OU=Organic Units/OU=Users/CN=jniedzie/CN=734471/CN=Jeremi Niedziela', u'cms', u'None', u'None', u'friendTreesProducer-00000000000000000000000000000000', u'F', u'T2_CH_CSCS', u'https://cmsweb.cern.ch/dbs/prod/phys03/DBSReader', u'https://cmsweb.cern.ch/dbs/prod/phys03/DBSWriter', u'F', u'[]', u"['tree_friend.root']", u'[]', u'Analysis', u'pythia', u'None', u'{}', u'[]', u'T', u'crab-prod-tw01', u'[]', u'1250', u'1', u'2000', u'10', u'None', u'[]', u'http://vocms0119.cern.ch/mon/cms1386/191002_115017:jniedzie_crab_friendTreesProducer', u'None', u'[]', u'[]', u'https://cmsweb.cern.ch/crabserver/prod', u'cmsgwms-collector-global.cern.ch:9620,cmssrv623.fnal.gov:9620', u'crab3@vocms0119.cern.ch', u'F', u'[]', u'T', u'/store/group/phys_exotica/xtracks/taggerStudy/friend_info', u'F', u'None', u'F', u'/WToLNuJets_HT_200_400/jniedzie-crab_pickEvents_HLTDIGI-424e4485a07f26f554e82f829d793003/USER', u'WToLNuJets_HT_200_400', u'None', u'7adca2d55c1d9439b68692b08af3e45fb264f54e3413937c0ba398224d0d57df.tar.gz', u'43312069', u'filetransfers', u'F', u'137.138.158.236', u'0.0', u'None'], u'desc': {u'columns': [u'tm_taskname', u'tm_activity', u'panda_jobset_id', u'tm_task_status', u'tm_task_command', u'tm_start_time', u'tm_start_injection', u'tm_end_injection', u'tm_task_failure', u'tm_job_sw', u'tm_job_arch', u'tm_input_dataset', u'tm_nonvalid_input_dataset', u'tm_use_parent', u'tm_site_whitelist', u'tm_site_blacklist', u'tm_split_algo', u'tm_split_args', u'tm_user_sandbox', u'tm_cache_url', u'tm_username', u'tm_user_dn', u'tm_user_vo', u'tm_user_role', u'tm_user_group', u'tm_publish_name', u'tm_publish_groupname', u'tm_asyncdest', u'tm_dbs_url', u'tm_publish_dbs_url', u'tm_publication', u'tm_outfiles', u'tm_tfile_outfiles', u'tm_edm_outfiles', u'tm_job_type', u'tm_generator', u'tm_events_per_lumi', u'tm_arguments', u'panda_resubmitted_jobs', u'tm_save_logs', u'tw_name', u'tm_user_infiles', u'tm_maxjobruntime', u'tm_numcores', u'tm_maxmemory', u'tm_priority', u'tm_output_dataset', u'tm_task_warnings', u'tm_user_webdir', u'tm_scriptexe', u'tm_scriptargs', u'tm_extrajdl', u'tm_asourl', u'tm_collector', u'tm_schedd', u'tm_dry_run', u'tm_user_files', u'tm_transfer_outputs', u'tm_output_lfn', u'tm_ignore_locality', u'tm_fail_limit', u'tm_one_event_mode', u'tm_secondary_input_dataset', u'tm_primary_dataset', u'tm_last_publication', u'tm_debug_files', u'clusterid', u'tm_asodb', u'tm_ignore_global_blacklist', u'tm_submitter_ip_addr', u'tm_totalunits', u'tm_ddm_reqid']}}
INFO 2019-10-02 11:54:48.387 UTC: 	 CRAB project directory:		/afs/cern.ch/work/j/jniedzie/private/CMSSW_9_4_6_patch1/src/crabFriendTrees/crab_projects/crab_friendTreesProducer
INFO 2019-10-02 11:54:48.387 UTC: 	 Task name:			191002_115017:jniedzie_crab_friendTreesProducer
INFO 2019-10-02 11:54:48.388 UTC: 	 Grid scheduler - Task Worker:	crab3@vocms0119.cern.ch - crab-prod-tw01
INFO 2019-10-02 11:54:48.388 UTC: 	 Status on the CRAB server:	SUBMITTED
INFO 2019-10-02 11:54:48.388 UTC: 	 Task URL to use for HELP:	https://cmsweb.cern.ch/crabserver/ui/task/191002_115017%3Ajniedzie_crab_friendTreesProducer
INFO 2019-10-02 11:54:48.388 UTC: 	 Dashboard monitoring URL:	http://dashb-cms-job.cern.ch/dashboard/templates/task-analysis/#user=jniedzie&refresh=0&table=Jobs&p=1&records=25&activemenu=2&status=&site=&tid=191002_115017%3Ajniedzie_crab_friendTreesProducer
INFO 2019-10-02 11:54:48.388 UTC: 	 New dashboard monitoring URL:	https://monit-grafana.cern.ch/d/cmsTMDetail/cms-task-monitoring-task-view?orgId=11&var-user=jniedzie&var-task=191002_115017%3Ajniedzie_crab_friendTreesProducer
INFO 2019-10-02 11:54:48.388 UTC: 	 In case of issues with the new dashboard, please provide feedback to hn-cms-computing-tools@cern.ch
DEBUG 2019-10-02 11:54:48.388 UTC: 	 The CRAB server submitted your task to the Grid scheduler (cluster ID: 43312069)
DEBUG 2019-10-02 11:54:48.388 UTC: 	 Webdir is located at http://vocms0119.cern.ch/mon/cms1386/191002_115017:jniedzie_crab_friendTreesProducer
DEBUG 2019-10-02 11:54:48.525 UTC: 	 Proxied webdir is located at https://cmsweb.cern.ch/scheddmon/0119/cms1386/191002_115017:jniedzie_crab_friendTreesProducer
DEBUG 2019-10-02 11:54:48.525 UTC: 	 Retrieving 'status_cache' file from https://cmsweb.cern.ch/scheddmon/0119/cms1386/191002_115017:jniedzie_crab_friendTreesProducer/status_cache
DEBUG 2019-10-02 11:54:48.634 UTC: 	 Got information from status cache file: {'1': {'Retries': 0, 'WallDurations': [0], 'StartTimes': [], 'SubmitTimes': [1570017098.0], 'JobIds': ['43312092.0'], 'EndTimes': [], 'Restarts': 0, 'RecordedSite': False, 'State': 'idle', 'ResidentSetSize': [0], 'TotalUserCpuTimeHistory': [0.0], 'SiteHistory': ['Unknown'], 'TotalSysCpuTimeHistory': [0.0]}, '3': {'Retries': 0, 'WallDurations': [0], 'StartTimes': [], 'SubmitTimes': [1570017098.0], 'JobIds': ['43312094.0'], 'EndTimes': [], 'Restarts': 0, 'RecordedSite': False, 'State': 'idle', 'ResidentSetSize': [0], 'TotalUserCpuTimeHistory': [0.0], 'SiteHistory': ['Unknown'], 'TotalSysCpuTimeHistory': [0.0]}, '2': {'Retries': 0, 'WallDurations': [0], 'StartTimes': [], 'SubmitTimes': [1570017098.0], 'JobIds': ['43312093.0'], 'EndTimes': [], 'Restarts': 0, 'RecordedSite': False, 'State': 'idle', 'ResidentSetSize': [0], 'TotalUserCpuTimeHistory': [0.0], 'SiteHistory': ['Unknown'], 'TotalSysCpuTimeHistory': [0.0]}, '5': {'Retries': 0, 'WallDurations': [0], 'StartTimes': [], 'SubmitTimes': [1570017102.0], 'JobIds': ['43312096.0'], 'EndTimes': [], 'Restarts': 0, 'RecordedSite': False, 'State': 'idle', 'ResidentSetSize': [0], 'TotalUserCpuTimeHistory': [0.0], 'SiteHistory': ['Unknown'], 'TotalSysCpuTimeHistory': [0.0]}, '4': {'Retries': 0, 'WallDurations': [0], 'StartTimes': [], 'SubmitTimes': [1570017098.0], 'JobIds': ['43312095.0'], 'EndTimes': [], 'Restarts': 0, 'RecordedSite': False, 'State': 'idle', 'ResidentSetSize': [0], 'TotalUserCpuTimeHistory': [0.0], 'SiteHistory': ['Unknown'], 'TotalSysCpuTimeHistory': [0.0]}}
INFO 2019-10-02 11:54:48.634 UTC: 	 Status on the scheduler:	SUBMITTED
INFO 2019-10-02 11:54:48.634 UTC: 	 
Jobs status:                    idle         		100.0% (5/5)
INFO 2019-10-02 11:54:48.634 UTC: 	 
No publication information (publication has been disabled in the CRAB configuration file)
INFO 2019-10-02 11:54:48.674 UTC: 	 Log file is /afs/cern.ch/work/j/jniedzie/private/CMSSW_9_4_6_patch1/src/crabFriendTrees/crab_projects/crab_friendTreesProducer/crab.log
DEBUG 2019-10-02 12:34:10.843 UTC: 	 Executing command: 'status'
DEBUG 2019-10-02 12:34:10.843 UTC: 	 Found CRAB cache file /afs/cern.ch/user/j/jniedzie/.crab3
DEBUG 2019-10-02 12:34:10.852 UTC: 	 Checking credentials
DEBUG 2019-10-02 12:34:10.853 UTC: 	 Found proxy file /afs/cern.ch/user/j/jniedzie/x509up_u32542
DEBUG 2019-10-02 12:34:10.853 UTC: 	 Getting proxy life time left
DEBUG 2019-10-02 12:34:11.658 UTC: 	 Executing : 
 command : voms-proxy-info -file /afs/cern.ch/user/j/jniedzie/x509up_u32542 -timeleft
 output : 80486

 error: 
 retcode : 0
DEBUG 2019-10-02 12:34:12.474 UTC: 	 Executing : 
 command : voms-proxy-info -file /afs/cern.ch/user/j/jniedzie/x509up_u32542 -actimeleft
 output : 80485

 error: 
 retcode : 0
DEBUG 2019-10-02 12:34:12.475 UTC: 	 Proxy lifetime 80486 secs is different from voms extension lifetime 80485 secs for proxy: /afs/cern.ch/user/j/jniedzie/x509up_u32542
DEBUG 2019-10-02 12:34:12.475 UTC: 	 Proxy valid for 22:21:25 hours
DEBUG 2019-10-02 12:34:12.612 UTC: 	 Executing : 
 command : openssl x509 -in ~/.globus/usercert.pem -subject -noout
 output : subject= /DC=ch/DC=cern/OU=Organic Units/OU=Users/CN=jniedzie/CN=734471/CN=Jeremi Niedziela

 error: 
 retcode : 0
DEBUG 2019-10-02 12:34:12.613 UTC: 	 Checking credentials
DEBUG 2019-10-02 12:34:12.613 UTC: 	 Found proxy file /afs/cern.ch/user/j/jniedzie/x509up_u32542
DEBUG 2019-10-02 12:34:12.613 UTC: 	 Getting proxy life time left
DEBUG 2019-10-02 12:34:13.321 UTC: 	 Executing : 
 command : voms-proxy-info -file /afs/cern.ch/user/j/jniedzie/x509up_u32542 -timeleft
 output : 80484

 error: 
 retcode : 0
DEBUG 2019-10-02 12:34:14.027 UTC: 	 Executing : 
 command : voms-proxy-info -file /afs/cern.ch/user/j/jniedzie/x509up_u32542 -actimeleft
 output : 80483

 error: 
 retcode : 0
DEBUG 2019-10-02 12:34:14.027 UTC: 	 Proxy lifetime 80484 secs is different from voms extension lifetime 80483 secs for proxy: /afs/cern.ch/user/j/jniedzie/x509up_u32542
DEBUG 2019-10-02 12:34:14.028 UTC: 	 Proxy valid for 22:21:23 hours
DEBUG 2019-10-02 12:34:14.142 UTC: 	 Registering user credentials for server /DC=ch/DC=cern/OU=computers/CN=vocms(052|058|030|0118|0105|0109).cern.ch|/DC=ch/DC=cern/OU=computers/CN=crab-(preprod|prod)-tw(02|01).cern.ch
DEBUG 2019-10-02 12:34:14.254 UTC: 	 Executing : 
 command : openssl x509 -in ~/.globus/usercert.pem -subject -noout
 output : subject= /DC=ch/DC=cern/OU=Organic Units/OU=Users/CN=jniedzie/CN=734471/CN=Jeremi Niedziela

 error: 
 retcode : 0
DEBUG 2019-10-02 12:34:14.255 UTC: 	 Getting myproxy life time left for myproxy.cern.ch
DEBUG 2019-10-02 12:34:14.255 UTC: 	 Calculating hash of /DC=ch/DC=cern/OU=Organic Units/OU=Users/CN=jniedzie/CN=734471/CN=Jeremi Niedziela_cmsweb.cern.ch for credential name
DEBUG 2019-10-02 12:34:15.565 UTC: 	 Executing : 
 command : myproxy-info -l 7c7cddb8cec8636ba729640195a9eb1ee7c639f4 -s myproxy.cern.ch
 output : username: 7c7cddb8cec8636ba729640195a9eb1ee7c639f4
owner: /DC=ch/DC=cern/OU=Organic Units/OU=Users/CN=jniedzie/CN=734471/CN=Jeremi Niedziela
  renewal policy: /DC=ch/DC=cern/OU=computers/CN=vocms(052|058|030|0118|0105|0109).cern.ch|/DC=ch/DC=cern/OU=computers/CN=crab-(preprod|prod)-tw(02|01).cern.ch
  trusted retrieval policy: /DC=ch/DC=cern/OU=computers/CN=vocms(052|058|030|0118|0105|0109).cern.ch|/DC=ch/DC=cern/OU=computers/CN=crab-(preprod|prod)-tw(02|01).cern.ch
  timeleft: 578:20:27  (24.1 days)

 error: 
 retcode : 0
DEBUG 2019-10-02 12:34:15.566 UTC: 	 Myproxy is valid: 2082027
DEBUG 2019-10-02 12:34:15.567 UTC: 	 Command use: status
DEBUG 2019-10-02 12:34:15.567 UTC: 	 Options use: ['-d', 'crab_projects/crab_friendTreesProducer']
DEBUG 2019-10-02 12:34:15.725 UTC: 	 CRABClient version: 3.3.1909
DEBUG 2019-10-02 12:34:15.725 UTC: 	 Instance is prod
DEBUG 2019-10-02 12:34:15.725 UTC: 	 Server base url is cmsweb.cern.ch
DEBUG 2019-10-02 12:34:15.725 UTC: 	 Command url /crabserver/prod/workflow
DEBUG 2019-10-02 12:34:15.871 UTC: 	 Got information from server oracle database: {u'result': [u'191002_115017:jniedzie_crab_friendTreesProducer', u'None', u'None', u'SUBMITTED', u'SUBMIT', u'2019-10-02 11:50:17.676668', u'None', u'2019-10-02 11:51:18.796379', u'None', u'CMSSW_9_4_6_patch1', u'slc6_amd64_gcc630', u'/WToLNuJets_HT_200_400/jniedzie-crab_pickEvents_miniAOD-18783c0a07109245951450a1a4f55409/USER', u'F', u'0', u'[]', u'[]', u'FileBased', u"{'splitOnRun': False, 'halt_job_on_file_boundaries': False, 'files_per_job': 10, 'runs': [], 'lumis': []}", u'ac1a5e6ddb937c01ce2c4de2f412f5e255cbc43830c87fce47cc96ed8d699800.tar.gz', u'https://cmsweb.cern.ch/crabcache', u'jniedzie', u'/DC=ch/DC=cern/OU=Organic Units/OU=Users/CN=jniedzie/CN=734471/CN=Jeremi Niedziela', u'cms', u'None', u'None', u'friendTreesProducer-00000000000000000000000000000000', u'F', u'T2_CH_CSCS', u'https://cmsweb.cern.ch/dbs/prod/phys03/DBSReader', u'https://cmsweb.cern.ch/dbs/prod/phys03/DBSWriter', u'F', u'[]', u"['tree_friend.root']", u'[]', u'Analysis', u'pythia', u'None', u'{}', u'[]', u'T', u'crab-prod-tw01', u'[]', u'1250', u'1', u'2000', u'10', u'None', u'[]', u'http://vocms0119.cern.ch/mon/cms1386/191002_115017:jniedzie_crab_friendTreesProducer', u'None', u'[]', u'[]', u'https://cmsweb.cern.ch/crabserver/prod', u'cmsgwms-collector-global.cern.ch:9620,cmssrv623.fnal.gov:9620', u'crab3@vocms0119.cern.ch', u'F', u'[]', u'T', u'/store/group/phys_exotica/xtracks/taggerStudy/friend_info', u'F', u'None', u'F', u'/WToLNuJets_HT_200_400/jniedzie-crab_pickEvents_HLTDIGI-424e4485a07f26f554e82f829d793003/USER', u'WToLNuJets_HT_200_400', u'None', u'7adca2d55c1d9439b68692b08af3e45fb264f54e3413937c0ba398224d0d57df.tar.gz', u'43312069', u'filetransfers', u'F', u'137.138.158.236', u'0.0', u'None'], u'desc': {u'columns': [u'tm_taskname', u'tm_activity', u'panda_jobset_id', u'tm_task_status', u'tm_task_command', u'tm_start_time', u'tm_start_injection', u'tm_end_injection', u'tm_task_failure', u'tm_job_sw', u'tm_job_arch', u'tm_input_dataset', u'tm_nonvalid_input_dataset', u'tm_use_parent', u'tm_site_whitelist', u'tm_site_blacklist', u'tm_split_algo', u'tm_split_args', u'tm_user_sandbox', u'tm_cache_url', u'tm_username', u'tm_user_dn', u'tm_user_vo', u'tm_user_role', u'tm_user_group', u'tm_publish_name', u'tm_publish_groupname', u'tm_asyncdest', u'tm_dbs_url', u'tm_publish_dbs_url', u'tm_publication', u'tm_outfiles', u'tm_tfile_outfiles', u'tm_edm_outfiles', u'tm_job_type', u'tm_generator', u'tm_events_per_lumi', u'tm_arguments', u'panda_resubmitted_jobs', u'tm_save_logs', u'tw_name', u'tm_user_infiles', u'tm_maxjobruntime', u'tm_numcores', u'tm_maxmemory', u'tm_priority', u'tm_output_dataset', u'tm_task_warnings', u'tm_user_webdir', u'tm_scriptexe', u'tm_scriptargs', u'tm_extrajdl', u'tm_asourl', u'tm_collector', u'tm_schedd', u'tm_dry_run', u'tm_user_files', u'tm_transfer_outputs', u'tm_output_lfn', u'tm_ignore_locality', u'tm_fail_limit', u'tm_one_event_mode', u'tm_secondary_input_dataset', u'tm_primary_dataset', u'tm_last_publication', u'tm_debug_files', u'clusterid', u'tm_asodb', u'tm_ignore_global_blacklist', u'tm_submitter_ip_addr', u'tm_totalunits', u'tm_ddm_reqid']}}
INFO 2019-10-02 12:34:15.872 UTC: 	 CRAB project directory:		/afs/cern.ch/work/j/jniedzie/private/CMSSW_9_4_6_patch1/src/crabFriendTrees/crab_projects/crab_friendTreesProducer
INFO 2019-10-02 12:34:15.872 UTC: 	 Task name:			191002_115017:jniedzie_crab_friendTreesProducer
INFO 2019-10-02 12:34:15.872 UTC: 	 Grid scheduler - Task Worker:	crab3@vocms0119.cern.ch - crab-prod-tw01
INFO 2019-10-02 12:34:15.872 UTC: 	 Status on the CRAB server:	SUBMITTED
INFO 2019-10-02 12:34:15.872 UTC: 	 Task URL to use for HELP:	https://cmsweb.cern.ch/crabserver/ui/task/191002_115017%3Ajniedzie_crab_friendTreesProducer
INFO 2019-10-02 12:34:15.872 UTC: 	 Dashboard monitoring URL:	http://dashb-cms-job.cern.ch/dashboard/templates/task-analysis/#user=jniedzie&refresh=0&table=Jobs&p=1&records=25&activemenu=2&status=&site=&tid=191002_115017%3Ajniedzie_crab_friendTreesProducer
INFO 2019-10-02 12:34:15.872 UTC: 	 New dashboard monitoring URL:	https://monit-grafana.cern.ch/d/cmsTMDetail/cms-task-monitoring-task-view?orgId=11&var-user=jniedzie&var-task=191002_115017%3Ajniedzie_crab_friendTreesProducer
INFO 2019-10-02 12:34:15.872 UTC: 	 In case of issues with the new dashboard, please provide feedback to hn-cms-computing-tools@cern.ch
DEBUG 2019-10-02 12:34:15.872 UTC: 	 The CRAB server submitted your task to the Grid scheduler (cluster ID: 43312069)
DEBUG 2019-10-02 12:34:15.872 UTC: 	 Webdir is located at http://vocms0119.cern.ch/mon/cms1386/191002_115017:jniedzie_crab_friendTreesProducer
DEBUG 2019-10-02 12:34:16.001 UTC: 	 Proxied webdir is located at https://cmsweb.cern.ch/scheddmon/0119/cms1386/191002_115017:jniedzie_crab_friendTreesProducer
DEBUG 2019-10-02 12:34:16.001 UTC: 	 Retrieving 'status_cache' file from https://cmsweb.cern.ch/scheddmon/0119/cms1386/191002_115017:jniedzie_crab_friendTreesProducer/status_cache
DEBUG 2019-10-02 12:34:16.117 UTC: 	 Got information from status cache file: {'1': {'Retries': 0, 'WallDurations': [0], 'StartTimes': [], 'SubmitTimes': [1570017098.0], 'JobIds': ['43312092.0'], 'EndTimes': [], 'Restarts': 0, 'RecordedSite': False, 'State': 'idle', 'ResidentSetSize': [0], 'TotalUserCpuTimeHistory': [0.0], 'SiteHistory': ['Unknown'], 'TotalSysCpuTimeHistory': [0.0]}, '3': {'Retries': 0, 'WallDurations': [0], 'StartTimes': [], 'SubmitTimes': [1570017098.0], 'JobIds': ['43312094.0'], 'EndTimes': [], 'Restarts': 0, 'RecordedSite': False, 'State': 'idle', 'ResidentSetSize': [0], 'TotalUserCpuTimeHistory': [0.0], 'SiteHistory': ['Unknown'], 'TotalSysCpuTimeHistory': [0.0]}, '2': {'Retries': 0, 'WallDurations': [0], 'StartTimes': [], 'SubmitTimes': [1570017098.0], 'JobIds': ['43312093.0'], 'EndTimes': [], 'Restarts': 0, 'RecordedSite': False, 'State': 'idle', 'ResidentSetSize': [0], 'TotalUserCpuTimeHistory': [0.0], 'SiteHistory': ['Unknown'], 'TotalSysCpuTimeHistory': [0.0]}, '5': {'Retries': 0, 'WallDurations': [0], 'StartTimes': [], 'SubmitTimes': [1570017102.0], 'JobIds': ['43312096.0'], 'EndTimes': [], 'Restarts': 0, 'RecordedSite': False, 'State': 'idle', 'ResidentSetSize': [0], 'TotalUserCpuTimeHistory': [0.0], 'SiteHistory': ['Unknown'], 'TotalSysCpuTimeHistory': [0.0]}, '4': {'Retries': 0, 'WallDurations': [0], 'StartTimes': [], 'SubmitTimes': [1570017098.0], 'JobIds': ['43312095.0'], 'EndTimes': [], 'Restarts': 0, 'RecordedSite': False, 'State': 'idle', 'ResidentSetSize': [0], 'TotalUserCpuTimeHistory': [0.0], 'SiteHistory': ['Unknown'], 'TotalSysCpuTimeHistory': [0.0]}}
INFO 2019-10-02 12:34:16.117 UTC: 	 Status on the scheduler:	SUBMITTED
INFO 2019-10-02 12:34:16.118 UTC: 	 
Jobs status:                    idle         		100.0% (5/5)
INFO 2019-10-02 12:34:16.118 UTC: 	 
No publication information (publication has been disabled in the CRAB configuration file)
INFO 2019-10-02 12:34:16.150 UTC: 	 Log file is /afs/cern.ch/work/j/jniedzie/private/CMSSW_9_4_6_patch1/src/crabFriendTrees/crab_projects/crab_friendTreesProducer/crab.log
DEBUG 2019-10-02 12:36:10.713 UTC: 	 Executing command: 'status'
DEBUG 2019-10-02 12:36:10.714 UTC: 	 Found CRAB cache file /afs/cern.ch/user/j/jniedzie/.crab3
DEBUG 2019-10-02 12:36:10.727 UTC: 	 Checking credentials
DEBUG 2019-10-02 12:36:10.728 UTC: 	 Found proxy file /afs/cern.ch/user/j/jniedzie/x509up_u32542
DEBUG 2019-10-02 12:36:10.728 UTC: 	 Getting proxy life time left
DEBUG 2019-10-02 12:36:11.633 UTC: 	 Executing : 
 command : voms-proxy-info -file /afs/cern.ch/user/j/jniedzie/x509up_u32542 -timeleft
 output : 80366

 error: 
 retcode : 0
DEBUG 2019-10-02 12:36:12.339 UTC: 	 Executing : 
 command : voms-proxy-info -file /afs/cern.ch/user/j/jniedzie/x509up_u32542 -actimeleft
 output : 80365

 error: 
 retcode : 0
DEBUG 2019-10-02 12:36:12.340 UTC: 	 Proxy lifetime 80366 secs is different from voms extension lifetime 80365 secs for proxy: /afs/cern.ch/user/j/jniedzie/x509up_u32542
DEBUG 2019-10-02 12:36:12.340 UTC: 	 Proxy valid for 22:19:25 hours
DEBUG 2019-10-02 12:36:12.453 UTC: 	 Executing : 
 command : openssl x509 -in ~/.globus/usercert.pem -subject -noout
 output : subject= /DC=ch/DC=cern/OU=Organic Units/OU=Users/CN=jniedzie/CN=734471/CN=Jeremi Niedziela

 error: 
 retcode : 0
DEBUG 2019-10-02 12:36:12.453 UTC: 	 Checking credentials
DEBUG 2019-10-02 12:36:12.453 UTC: 	 Found proxy file /afs/cern.ch/user/j/jniedzie/x509up_u32542
DEBUG 2019-10-02 12:36:12.453 UTC: 	 Getting proxy life time left
DEBUG 2019-10-02 12:36:13.259 UTC: 	 Executing : 
 command : voms-proxy-info -file /afs/cern.ch/user/j/jniedzie/x509up_u32542 -timeleft
 output : 80364

 error: 
 retcode : 0
DEBUG 2019-10-02 12:36:13.972 UTC: 	 Executing : 
 command : voms-proxy-info -file /afs/cern.ch/user/j/jniedzie/x509up_u32542 -actimeleft
 output : 80364

 error: 
 retcode : 0
DEBUG 2019-10-02 12:36:13.972 UTC: 	 Proxy valid for 22:19:24 hours
DEBUG 2019-10-02 12:36:14.105 UTC: 	 Registering user credentials for server /DC=ch/DC=cern/OU=computers/CN=vocms(052|058|030|0118|0105|0109).cern.ch|/DC=ch/DC=cern/OU=computers/CN=crab-(preprod|prod)-tw(02|01).cern.ch
DEBUG 2019-10-02 12:36:14.215 UTC: 	 Executing : 
 command : openssl x509 -in ~/.globus/usercert.pem -subject -noout
 output : subject= /DC=ch/DC=cern/OU=Organic Units/OU=Users/CN=jniedzie/CN=734471/CN=Jeremi Niedziela

 error: 
 retcode : 0
DEBUG 2019-10-02 12:36:14.215 UTC: 	 Getting myproxy life time left for myproxy.cern.ch
DEBUG 2019-10-02 12:36:14.215 UTC: 	 Calculating hash of /DC=ch/DC=cern/OU=Organic Units/OU=Users/CN=jniedzie/CN=734471/CN=Jeremi Niedziela_cmsweb.cern.ch for credential name
DEBUG 2019-10-02 12:36:14.620 UTC: 	 Executing : 
 command : myproxy-info -l 7c7cddb8cec8636ba729640195a9eb1ee7c639f4 -s myproxy.cern.ch
 output : username: 7c7cddb8cec8636ba729640195a9eb1ee7c639f4
owner: /DC=ch/DC=cern/OU=Organic Units/OU=Users/CN=jniedzie/CN=734471/CN=Jeremi Niedziela
  renewal policy: /DC=ch/DC=cern/OU=computers/CN=vocms(052|058|030|0118|0105|0109).cern.ch|/DC=ch/DC=cern/OU=computers/CN=crab-(preprod|prod)-tw(02|01).cern.ch
  trusted retrieval policy: /DC=ch/DC=cern/OU=computers/CN=vocms(052|058|030|0118|0105|0109).cern.ch|/DC=ch/DC=cern/OU=computers/CN=crab-(preprod|prod)-tw(02|01).cern.ch
  timeleft: 578:18:28  (24.1 days)

 error: 
 retcode : 0
DEBUG 2019-10-02 12:36:14.621 UTC: 	 Myproxy is valid: 2081908
DEBUG 2019-10-02 12:36:14.621 UTC: 	 Command use: status
DEBUG 2019-10-02 12:36:14.622 UTC: 	 Options use: ['-d', 'crab_projects/crab_friendTreesProducer']
DEBUG 2019-10-02 12:36:14.762 UTC: 	 CRABClient version: 3.3.1909
DEBUG 2019-10-02 12:36:14.762 UTC: 	 Instance is prod
DEBUG 2019-10-02 12:36:14.762 UTC: 	 Server base url is cmsweb.cern.ch
DEBUG 2019-10-02 12:36:14.762 UTC: 	 Command url /crabserver/prod/workflow
DEBUG 2019-10-02 12:36:14.908 UTC: 	 Got information from server oracle database: {u'result': [u'191002_115017:jniedzie_crab_friendTreesProducer', u'None', u'None', u'SUBMITTED', u'SUBMIT', u'2019-10-02 11:50:17.676668', u'None', u'2019-10-02 11:51:18.796379', u'None', u'CMSSW_9_4_6_patch1', u'slc6_amd64_gcc630', u'/WToLNuJets_HT_200_400/jniedzie-crab_pickEvents_miniAOD-18783c0a07109245951450a1a4f55409/USER', u'F', u'0', u'[]', u'[]', u'FileBased', u"{'splitOnRun': False, 'halt_job_on_file_boundaries': False, 'files_per_job': 10, 'runs': [], 'lumis': []}", u'ac1a5e6ddb937c01ce2c4de2f412f5e255cbc43830c87fce47cc96ed8d699800.tar.gz', u'https://cmsweb.cern.ch/crabcache', u'jniedzie', u'/DC=ch/DC=cern/OU=Organic Units/OU=Users/CN=jniedzie/CN=734471/CN=Jeremi Niedziela', u'cms', u'None', u'None', u'friendTreesProducer-00000000000000000000000000000000', u'F', u'T2_CH_CSCS', u'https://cmsweb.cern.ch/dbs/prod/phys03/DBSReader', u'https://cmsweb.cern.ch/dbs/prod/phys03/DBSWriter', u'F', u'[]', u"['tree_friend.root']", u'[]', u'Analysis', u'pythia', u'None', u'{}', u'[]', u'T', u'crab-prod-tw01', u'[]', u'1250', u'1', u'2000', u'10', u'None', u'[]', u'http://vocms0119.cern.ch/mon/cms1386/191002_115017:jniedzie_crab_friendTreesProducer', u'None', u'[]', u'[]', u'https://cmsweb.cern.ch/crabserver/prod', u'cmsgwms-collector-global.cern.ch:9620,cmssrv623.fnal.gov:9620', u'crab3@vocms0119.cern.ch', u'F', u'[]', u'T', u'/store/group/phys_exotica/xtracks/taggerStudy/friend_info', u'F', u'None', u'F', u'/WToLNuJets_HT_200_400/jniedzie-crab_pickEvents_HLTDIGI-424e4485a07f26f554e82f829d793003/USER', u'WToLNuJets_HT_200_400', u'None', u'7adca2d55c1d9439b68692b08af3e45fb264f54e3413937c0ba398224d0d57df.tar.gz', u'43312069', u'filetransfers', u'F', u'137.138.158.236', u'0.0', u'None'], u'desc': {u'columns': [u'tm_taskname', u'tm_activity', u'panda_jobset_id', u'tm_task_status', u'tm_task_command', u'tm_start_time', u'tm_start_injection', u'tm_end_injection', u'tm_task_failure', u'tm_job_sw', u'tm_job_arch', u'tm_input_dataset', u'tm_nonvalid_input_dataset', u'tm_use_parent', u'tm_site_whitelist', u'tm_site_blacklist', u'tm_split_algo', u'tm_split_args', u'tm_user_sandbox', u'tm_cache_url', u'tm_username', u'tm_user_dn', u'tm_user_vo', u'tm_user_role', u'tm_user_group', u'tm_publish_name', u'tm_publish_groupname', u'tm_asyncdest', u'tm_dbs_url', u'tm_publish_dbs_url', u'tm_publication', u'tm_outfiles', u'tm_tfile_outfiles', u'tm_edm_outfiles', u'tm_job_type', u'tm_generator', u'tm_events_per_lumi', u'tm_arguments', u'panda_resubmitted_jobs', u'tm_save_logs', u'tw_name', u'tm_user_infiles', u'tm_maxjobruntime', u'tm_numcores', u'tm_maxmemory', u'tm_priority', u'tm_output_dataset', u'tm_task_warnings', u'tm_user_webdir', u'tm_scriptexe', u'tm_scriptargs', u'tm_extrajdl', u'tm_asourl', u'tm_collector', u'tm_schedd', u'tm_dry_run', u'tm_user_files', u'tm_transfer_outputs', u'tm_output_lfn', u'tm_ignore_locality', u'tm_fail_limit', u'tm_one_event_mode', u'tm_secondary_input_dataset', u'tm_primary_dataset', u'tm_last_publication', u'tm_debug_files', u'clusterid', u'tm_asodb', u'tm_ignore_global_blacklist', u'tm_submitter_ip_addr', u'tm_totalunits', u'tm_ddm_reqid']}}
INFO 2019-10-02 12:36:14.908 UTC: 	 CRAB project directory:		/afs/cern.ch/work/j/jniedzie/private/CMSSW_9_4_6_patch1/src/crabFriendTrees/crab_projects/crab_friendTreesProducer
INFO 2019-10-02 12:36:14.908 UTC: 	 Task name:			191002_115017:jniedzie_crab_friendTreesProducer
INFO 2019-10-02 12:36:14.908 UTC: 	 Grid scheduler - Task Worker:	crab3@vocms0119.cern.ch - crab-prod-tw01
INFO 2019-10-02 12:36:14.909 UTC: 	 Status on the CRAB server:	SUBMITTED
INFO 2019-10-02 12:36:14.909 UTC: 	 Task URL to use for HELP:	https://cmsweb.cern.ch/crabserver/ui/task/191002_115017%3Ajniedzie_crab_friendTreesProducer
INFO 2019-10-02 12:36:14.909 UTC: 	 Dashboard monitoring URL:	http://dashb-cms-job.cern.ch/dashboard/templates/task-analysis/#user=jniedzie&refresh=0&table=Jobs&p=1&records=25&activemenu=2&status=&site=&tid=191002_115017%3Ajniedzie_crab_friendTreesProducer
INFO 2019-10-02 12:36:14.909 UTC: 	 New dashboard monitoring URL:	https://monit-grafana.cern.ch/d/cmsTMDetail/cms-task-monitoring-task-view?orgId=11&var-user=jniedzie&var-task=191002_115017%3Ajniedzie_crab_friendTreesProducer
INFO 2019-10-02 12:36:14.909 UTC: 	 In case of issues with the new dashboard, please provide feedback to hn-cms-computing-tools@cern.ch
DEBUG 2019-10-02 12:36:14.909 UTC: 	 The CRAB server submitted your task to the Grid scheduler (cluster ID: 43312069)
DEBUG 2019-10-02 12:36:14.909 UTC: 	 Webdir is located at http://vocms0119.cern.ch/mon/cms1386/191002_115017:jniedzie_crab_friendTreesProducer
DEBUG 2019-10-02 12:36:15.046 UTC: 	 Proxied webdir is located at https://cmsweb.cern.ch/scheddmon/0119/cms1386/191002_115017:jniedzie_crab_friendTreesProducer
DEBUG 2019-10-02 12:36:15.046 UTC: 	 Retrieving 'status_cache' file from https://cmsweb.cern.ch/scheddmon/0119/cms1386/191002_115017:jniedzie_crab_friendTreesProducer/status_cache
DEBUG 2019-10-02 12:36:15.164 UTC: 	 Got information from status cache file: {'1': {'Retries': 0, 'WallDurations': [0], 'StartTimes': [], 'SubmitTimes': [1570017098.0], 'JobIds': ['43312092.0'], 'EndTimes': [], 'Restarts': 0, 'RecordedSite': False, 'State': 'idle', 'ResidentSetSize': [0], 'TotalUserCpuTimeHistory': [0.0], 'SiteHistory': ['Unknown'], 'TotalSysCpuTimeHistory': [0.0]}, '3': {'Retries': 0, 'WallDurations': [0], 'StartTimes': [], 'SubmitTimes': [1570017098.0], 'JobIds': ['43312094.0'], 'EndTimes': [], 'Restarts': 0, 'RecordedSite': False, 'State': 'idle', 'ResidentSetSize': [0], 'TotalUserCpuTimeHistory': [0.0], 'SiteHistory': ['Unknown'], 'TotalSysCpuTimeHistory': [0.0]}, '2': {'Retries': 0, 'WallDurations': [0], 'StartTimes': [], 'SubmitTimes': [1570017098.0], 'JobIds': ['43312093.0'], 'EndTimes': [], 'Restarts': 0, 'RecordedSite': False, 'State': 'idle', 'ResidentSetSize': [0], 'TotalUserCpuTimeHistory': [0.0], 'SiteHistory': ['Unknown'], 'TotalSysCpuTimeHistory': [0.0]}, '5': {'Retries': 0, 'WallDurations': [0], 'StartTimes': [], 'SubmitTimes': [1570017102.0], 'JobIds': ['43312096.0'], 'EndTimes': [], 'Restarts': 0, 'RecordedSite': False, 'State': 'idle', 'ResidentSetSize': [0], 'TotalUserCpuTimeHistory': [0.0], 'SiteHistory': ['Unknown'], 'TotalSysCpuTimeHistory': [0.0]}, '4': {'Retries': 0, 'WallDurations': [0], 'StartTimes': [], 'SubmitTimes': [1570017098.0], 'JobIds': ['43312095.0'], 'EndTimes': [], 'Restarts': 0, 'RecordedSite': False, 'State': 'idle', 'ResidentSetSize': [0], 'TotalUserCpuTimeHistory': [0.0], 'SiteHistory': ['Unknown'], 'TotalSysCpuTimeHistory': [0.0]}}
INFO 2019-10-02 12:36:15.164 UTC: 	 Status on the scheduler:	SUBMITTED
INFO 2019-10-02 12:36:15.165 UTC: 	 
Jobs status:                    idle         		100.0% (5/5)
INFO 2019-10-02 12:36:15.165 UTC: 	 
No publication information (publication has been disabled in the CRAB configuration file)
INFO 2019-10-02 12:36:15.191 UTC: 	 Log file is /afs/cern.ch/work/j/jniedzie/private/CMSSW_9_4_6_patch1/src/crabFriendTrees/crab_projects/crab_friendTreesProducer/crab.log
DEBUG 2019-10-02 12:40:22.008 UTC: 	 Executing command: 'status'
DEBUG 2019-10-02 12:40:22.008 UTC: 	 Found CRAB cache file /afs/cern.ch/user/j/jniedzie/.crab3
DEBUG 2019-10-02 12:40:22.017 UTC: 	 Checking credentials
DEBUG 2019-10-02 12:40:22.017 UTC: 	 Found proxy file /afs/cern.ch/user/j/jniedzie/x509up_u32542
DEBUG 2019-10-02 12:40:22.017 UTC: 	 Getting proxy life time left
DEBUG 2019-10-02 12:40:22.922 UTC: 	 Executing : 
 command : voms-proxy-info -file /afs/cern.ch/user/j/jniedzie/x509up_u32542 -timeleft
 output : 80115

 error: 
 retcode : 0
DEBUG 2019-10-02 12:40:23.730 UTC: 	 Executing : 
 command : voms-proxy-info -file /afs/cern.ch/user/j/jniedzie/x509up_u32542 -actimeleft
 output : 80114

 error: 
 retcode : 0
DEBUG 2019-10-02 12:40:23.730 UTC: 	 Proxy lifetime 80115 secs is different from voms extension lifetime 80114 secs for proxy: /afs/cern.ch/user/j/jniedzie/x509up_u32542
DEBUG 2019-10-02 12:40:23.730 UTC: 	 Proxy valid for 22:15:14 hours
DEBUG 2019-10-02 12:40:23.846 UTC: 	 Executing : 
 command : openssl x509 -in ~/.globus/usercert.pem -subject -noout
 output : subject= /DC=ch/DC=cern/OU=Organic Units/OU=Users/CN=jniedzie/CN=734471/CN=Jeremi Niedziela

 error: 
 retcode : 0
DEBUG 2019-10-02 12:40:23.847 UTC: 	 Checking credentials
DEBUG 2019-10-02 12:40:23.847 UTC: 	 Found proxy file /afs/cern.ch/user/j/jniedzie/x509up_u32542
DEBUG 2019-10-02 12:40:23.847 UTC: 	 Getting proxy life time left
DEBUG 2019-10-02 12:40:24.658 UTC: 	 Executing : 
 command : voms-proxy-info -file /afs/cern.ch/user/j/jniedzie/x509up_u32542 -timeleft
 output : 80113

 error: 
 retcode : 0
DEBUG 2019-10-02 12:40:25.464 UTC: 	 Executing : 
 command : voms-proxy-info -file /afs/cern.ch/user/j/jniedzie/x509up_u32542 -actimeleft
 output : 80112

 error: 
 retcode : 0
DEBUG 2019-10-02 12:40:25.465 UTC: 	 Proxy lifetime 80113 secs is different from voms extension lifetime 80112 secs for proxy: /afs/cern.ch/user/j/jniedzie/x509up_u32542
DEBUG 2019-10-02 12:40:25.465 UTC: 	 Proxy valid for 22:15:12 hours
DEBUG 2019-10-02 12:40:25.618 UTC: 	 Registering user credentials for server /DC=ch/DC=cern/OU=computers/CN=vocms(052|058|030|0118|0105|0109).cern.ch|/DC=ch/DC=cern/OU=computers/CN=crab-(preprod|prod)-tw(02|01).cern.ch
DEBUG 2019-10-02 12:40:25.728 UTC: 	 Executing : 
 command : openssl x509 -in ~/.globus/usercert.pem -subject -noout
 output : subject= /DC=ch/DC=cern/OU=Organic Units/OU=Users/CN=jniedzie/CN=734471/CN=Jeremi Niedziela

 error: 
 retcode : 0
DEBUG 2019-10-02 12:40:25.728 UTC: 	 Getting myproxy life time left for myproxy.cern.ch
DEBUG 2019-10-02 12:40:25.728 UTC: 	 Calculating hash of /DC=ch/DC=cern/OU=Organic Units/OU=Users/CN=jniedzie/CN=734471/CN=Jeremi Niedziela_cmsweb.cern.ch for credential name
DEBUG 2019-10-02 12:40:26.235 UTC: 	 Executing : 
 command : myproxy-info -l 7c7cddb8cec8636ba729640195a9eb1ee7c639f4 -s myproxy.cern.ch
 output : username: 7c7cddb8cec8636ba729640195a9eb1ee7c639f4
owner: /DC=ch/DC=cern/OU=Organic Units/OU=Users/CN=jniedzie/CN=734471/CN=Jeremi Niedziela
  renewal policy: /DC=ch/DC=cern/OU=computers/CN=vocms(052|058|030|0118|0105|0109).cern.ch|/DC=ch/DC=cern/OU=computers/CN=crab-(preprod|prod)-tw(02|01).cern.ch
  trusted retrieval policy: /DC=ch/DC=cern/OU=computers/CN=vocms(052|058|030|0118|0105|0109).cern.ch|/DC=ch/DC=cern/OU=computers/CN=crab-(preprod|prod)-tw(02|01).cern.ch
  timeleft: 578:14:16  (24.1 days)

 error: 
 retcode : 0
DEBUG 2019-10-02 12:40:26.236 UTC: 	 Myproxy is valid: 2081656
DEBUG 2019-10-02 12:40:26.237 UTC: 	 Command use: status
DEBUG 2019-10-02 12:40:26.237 UTC: 	 Options use: ['-d', 'crab_projects/crab_friendTreesProducer']
DEBUG 2019-10-02 12:40:26.381 UTC: 	 CRABClient version: 3.3.1909
DEBUG 2019-10-02 12:40:26.381 UTC: 	 Instance is prod
DEBUG 2019-10-02 12:40:26.381 UTC: 	 Server base url is cmsweb.cern.ch
DEBUG 2019-10-02 12:40:26.381 UTC: 	 Command url /crabserver/prod/workflow
DEBUG 2019-10-02 12:40:26.513 UTC: 	 Got information from server oracle database: {u'result': [u'191002_115017:jniedzie_crab_friendTreesProducer', u'None', u'None', u'SUBMITTED', u'SUBMIT', u'2019-10-02 11:50:17.676668', u'None', u'2019-10-02 11:51:18.796379', u'None', u'CMSSW_9_4_6_patch1', u'slc6_amd64_gcc630', u'/WToLNuJets_HT_200_400/jniedzie-crab_pickEvents_miniAOD-18783c0a07109245951450a1a4f55409/USER', u'F', u'0', u'[]', u'[]', u'FileBased', u"{'splitOnRun': False, 'halt_job_on_file_boundaries': False, 'files_per_job': 10, 'runs': [], 'lumis': []}", u'ac1a5e6ddb937c01ce2c4de2f412f5e255cbc43830c87fce47cc96ed8d699800.tar.gz', u'https://cmsweb.cern.ch/crabcache', u'jniedzie', u'/DC=ch/DC=cern/OU=Organic Units/OU=Users/CN=jniedzie/CN=734471/CN=Jeremi Niedziela', u'cms', u'None', u'None', u'friendTreesProducer-00000000000000000000000000000000', u'F', u'T2_CH_CSCS', u'https://cmsweb.cern.ch/dbs/prod/phys03/DBSReader', u'https://cmsweb.cern.ch/dbs/prod/phys03/DBSWriter', u'F', u'[]', u"['tree_friend.root']", u'[]', u'Analysis', u'pythia', u'None', u'{}', u'[]', u'T', u'crab-prod-tw01', u'[]', u'1250', u'1', u'2000', u'10', u'None', u'[]', u'http://vocms0119.cern.ch/mon/cms1386/191002_115017:jniedzie_crab_friendTreesProducer', u'None', u'[]', u'[]', u'https://cmsweb.cern.ch/crabserver/prod', u'cmsgwms-collector-global.cern.ch:9620,cmssrv623.fnal.gov:9620', u'crab3@vocms0119.cern.ch', u'F', u'[]', u'T', u'/store/group/phys_exotica/xtracks/taggerStudy/friend_info', u'F', u'None', u'F', u'/WToLNuJets_HT_200_400/jniedzie-crab_pickEvents_HLTDIGI-424e4485a07f26f554e82f829d793003/USER', u'WToLNuJets_HT_200_400', u'None', u'7adca2d55c1d9439b68692b08af3e45fb264f54e3413937c0ba398224d0d57df.tar.gz', u'43312069', u'filetransfers', u'F', u'137.138.158.236', u'0.0', u'None'], u'desc': {u'columns': [u'tm_taskname', u'tm_activity', u'panda_jobset_id', u'tm_task_status', u'tm_task_command', u'tm_start_time', u'tm_start_injection', u'tm_end_injection', u'tm_task_failure', u'tm_job_sw', u'tm_job_arch', u'tm_input_dataset', u'tm_nonvalid_input_dataset', u'tm_use_parent', u'tm_site_whitelist', u'tm_site_blacklist', u'tm_split_algo', u'tm_split_args', u'tm_user_sandbox', u'tm_cache_url', u'tm_username', u'tm_user_dn', u'tm_user_vo', u'tm_user_role', u'tm_user_group', u'tm_publish_name', u'tm_publish_groupname', u'tm_asyncdest', u'tm_dbs_url', u'tm_publish_dbs_url', u'tm_publication', u'tm_outfiles', u'tm_tfile_outfiles', u'tm_edm_outfiles', u'tm_job_type', u'tm_generator', u'tm_events_per_lumi', u'tm_arguments', u'panda_resubmitted_jobs', u'tm_save_logs', u'tw_name', u'tm_user_infiles', u'tm_maxjobruntime', u'tm_numcores', u'tm_maxmemory', u'tm_priority', u'tm_output_dataset', u'tm_task_warnings', u'tm_user_webdir', u'tm_scriptexe', u'tm_scriptargs', u'tm_extrajdl', u'tm_asourl', u'tm_collector', u'tm_schedd', u'tm_dry_run', u'tm_user_files', u'tm_transfer_outputs', u'tm_output_lfn', u'tm_ignore_locality', u'tm_fail_limit', u'tm_one_event_mode', u'tm_secondary_input_dataset', u'tm_primary_dataset', u'tm_last_publication', u'tm_debug_files', u'clusterid', u'tm_asodb', u'tm_ignore_global_blacklist', u'tm_submitter_ip_addr', u'tm_totalunits', u'tm_ddm_reqid']}}
INFO 2019-10-02 12:40:26.514 UTC: 	 CRAB project directory:		/afs/cern.ch/work/j/jniedzie/private/CMSSW_9_4_6_patch1/src/crabFriendTrees/crab_projects/crab_friendTreesProducer
INFO 2019-10-02 12:40:26.514 UTC: 	 Task name:			191002_115017:jniedzie_crab_friendTreesProducer
INFO 2019-10-02 12:40:26.514 UTC: 	 Grid scheduler - Task Worker:	crab3@vocms0119.cern.ch - crab-prod-tw01
INFO 2019-10-02 12:40:26.514 UTC: 	 Status on the CRAB server:	SUBMITTED
INFO 2019-10-02 12:40:26.514 UTC: 	 Task URL to use for HELP:	https://cmsweb.cern.ch/crabserver/ui/task/191002_115017%3Ajniedzie_crab_friendTreesProducer
INFO 2019-10-02 12:40:26.514 UTC: 	 Dashboard monitoring URL:	http://dashb-cms-job.cern.ch/dashboard/templates/task-analysis/#user=jniedzie&refresh=0&table=Jobs&p=1&records=25&activemenu=2&status=&site=&tid=191002_115017%3Ajniedzie_crab_friendTreesProducer
INFO 2019-10-02 12:40:26.515 UTC: 	 New dashboard monitoring URL:	https://monit-grafana.cern.ch/d/cmsTMDetail/cms-task-monitoring-task-view?orgId=11&var-user=jniedzie&var-task=191002_115017%3Ajniedzie_crab_friendTreesProducer
INFO 2019-10-02 12:40:26.515 UTC: 	 In case of issues with the new dashboard, please provide feedback to hn-cms-computing-tools@cern.ch
DEBUG 2019-10-02 12:40:26.515 UTC: 	 The CRAB server submitted your task to the Grid scheduler (cluster ID: 43312069)
DEBUG 2019-10-02 12:40:26.515 UTC: 	 Webdir is located at http://vocms0119.cern.ch/mon/cms1386/191002_115017:jniedzie_crab_friendTreesProducer
DEBUG 2019-10-02 12:40:26.666 UTC: 	 Proxied webdir is located at https://cmsweb.cern.ch/scheddmon/0119/cms1386/191002_115017:jniedzie_crab_friendTreesProducer
DEBUG 2019-10-02 12:40:26.666 UTC: 	 Retrieving 'status_cache' file from https://cmsweb.cern.ch/scheddmon/0119/cms1386/191002_115017:jniedzie_crab_friendTreesProducer/status_cache
DEBUG 2019-10-02 12:40:26.772 UTC: 	 Got information from status cache file: {'1': {'Retries': 0, 'WallDurations': [0], 'StartTimes': [], 'SubmitTimes': [1570017098.0], 'JobIds': ['43312092.0'], 'EndTimes': [], 'Restarts': 0, 'RecordedSite': False, 'State': 'idle', 'ResidentSetSize': [0], 'TotalUserCpuTimeHistory': [0.0], 'SiteHistory': ['Unknown'], 'TotalSysCpuTimeHistory': [0.0]}, '3': {'Retries': 0, 'WallDurations': [0], 'StartTimes': [], 'SubmitTimes': [1570017098.0], 'JobIds': ['43312094.0'], 'EndTimes': [], 'Restarts': 0, 'RecordedSite': False, 'State': 'idle', 'ResidentSetSize': [0], 'TotalUserCpuTimeHistory': [0.0], 'SiteHistory': ['Unknown'], 'TotalSysCpuTimeHistory': [0.0]}, '2': {'Retries': 0, 'WallDurations': [0], 'StartTimes': [], 'SubmitTimes': [1570017098.0], 'JobIds': ['43312093.0'], 'EndTimes': [], 'Restarts': 0, 'RecordedSite': False, 'State': 'idle', 'ResidentSetSize': [0], 'TotalUserCpuTimeHistory': [0.0], 'SiteHistory': ['Unknown'], 'TotalSysCpuTimeHistory': [0.0]}, '5': {'Retries': 0, 'WallDurations': [0], 'StartTimes': [], 'SubmitTimes': [1570017102.0], 'JobIds': ['43312096.0'], 'EndTimes': [], 'Restarts': 0, 'RecordedSite': False, 'State': 'idle', 'ResidentSetSize': [0], 'TotalUserCpuTimeHistory': [0.0], 'SiteHistory': ['Unknown'], 'TotalSysCpuTimeHistory': [0.0]}, '4': {'Retries': 0, 'WallDurations': [0], 'StartTimes': [], 'SubmitTimes': [1570017098.0], 'JobIds': ['43312095.0'], 'EndTimes': [], 'Restarts': 0, 'RecordedSite': False, 'State': 'idle', 'ResidentSetSize': [0], 'TotalUserCpuTimeHistory': [0.0], 'SiteHistory': ['Unknown'], 'TotalSysCpuTimeHistory': [0.0]}}
INFO 2019-10-02 12:40:26.772 UTC: 	 Status on the scheduler:	SUBMITTED
INFO 2019-10-02 12:40:26.773 UTC: 	 
Jobs status:                    idle         		100.0% (5/5)
INFO 2019-10-02 12:40:26.773 UTC: 	 
No publication information (publication has been disabled in the CRAB configuration file)
INFO 2019-10-02 12:40:26.796 UTC: 	 Log file is /afs/cern.ch/work/j/jniedzie/private/CMSSW_9_4_6_patch1/src/crabFriendTrees/crab_projects/crab_friendTreesProducer/crab.log
DEBUG 2019-10-02 12:42:36.567 UTC: 	 Executing command: 'status'
DEBUG 2019-10-02 12:42:36.567 UTC: 	 Found CRAB cache file /afs/cern.ch/user/j/jniedzie/.crab3
DEBUG 2019-10-02 12:42:36.576 UTC: 	 Checking credentials
DEBUG 2019-10-02 12:42:36.577 UTC: 	 Found proxy file /afs/cern.ch/user/j/jniedzie/x509up_u32542
DEBUG 2019-10-02 12:42:36.577 UTC: 	 Getting proxy life time left
DEBUG 2019-10-02 12:42:37.383 UTC: 	 Executing : 
 command : voms-proxy-info -file /afs/cern.ch/user/j/jniedzie/x509up_u32542 -timeleft
 output : 79980

 error: 
 retcode : 0
DEBUG 2019-10-02 12:42:38.189 UTC: 	 Executing : 
 command : voms-proxy-info -file /afs/cern.ch/user/j/jniedzie/x509up_u32542 -actimeleft
 output : 79979

 error: 
 retcode : 0
DEBUG 2019-10-02 12:42:38.189 UTC: 	 Proxy lifetime 79980 secs is different from voms extension lifetime 79979 secs for proxy: /afs/cern.ch/user/j/jniedzie/x509up_u32542
DEBUG 2019-10-02 12:42:38.190 UTC: 	 Proxy valid for 22:12:59 hours
DEBUG 2019-10-02 12:42:38.315 UTC: 	 Executing : 
 command : openssl x509 -in ~/.globus/usercert.pem -subject -noout
 output : subject= /DC=ch/DC=cern/OU=Organic Units/OU=Users/CN=jniedzie/CN=734471/CN=Jeremi Niedziela

 error: 
 retcode : 0
DEBUG 2019-10-02 12:42:38.316 UTC: 	 Checking credentials
DEBUG 2019-10-02 12:42:38.316 UTC: 	 Found proxy file /afs/cern.ch/user/j/jniedzie/x509up_u32542
DEBUG 2019-10-02 12:42:38.316 UTC: 	 Getting proxy life time left
DEBUG 2019-10-02 12:42:39.124 UTC: 	 Executing : 
 command : voms-proxy-info -file /afs/cern.ch/user/j/jniedzie/x509up_u32542 -timeleft
 output : 79978

 error: 
 retcode : 0
DEBUG 2019-10-02 12:42:39.931 UTC: 	 Executing : 
 command : voms-proxy-info -file /afs/cern.ch/user/j/jniedzie/x509up_u32542 -actimeleft
 output : 79978

 error: 
 retcode : 0
DEBUG 2019-10-02 12:42:39.932 UTC: 	 Proxy valid for 22:12:58 hours
DEBUG 2019-10-02 12:42:40.117 UTC: 	 Registering user credentials for server /DC=ch/DC=cern/OU=computers/CN=vocms(052|058|030|0118|0105|0109).cern.ch|/DC=ch/DC=cern/OU=computers/CN=crab-(preprod|prod)-tw(02|01).cern.ch
DEBUG 2019-10-02 12:42:40.226 UTC: 	 Executing : 
 command : openssl x509 -in ~/.globus/usercert.pem -subject -noout
 output : subject= /DC=ch/DC=cern/OU=Organic Units/OU=Users/CN=jniedzie/CN=734471/CN=Jeremi Niedziela

 error: 
 retcode : 0
DEBUG 2019-10-02 12:42:40.227 UTC: 	 Getting myproxy life time left for myproxy.cern.ch
DEBUG 2019-10-02 12:42:40.227 UTC: 	 Calculating hash of /DC=ch/DC=cern/OU=Organic Units/OU=Users/CN=jniedzie/CN=734471/CN=Jeremi Niedziela_cmsweb.cern.ch for credential name
DEBUG 2019-10-02 12:42:40.631 UTC: 	 Executing : 
 command : myproxy-info -l 7c7cddb8cec8636ba729640195a9eb1ee7c639f4 -s myproxy.cern.ch
 output : username: 7c7cddb8cec8636ba729640195a9eb1ee7c639f4
owner: /DC=ch/DC=cern/OU=Organic Units/OU=Users/CN=jniedzie/CN=734471/CN=Jeremi Niedziela
  renewal policy: /DC=ch/DC=cern/OU=computers/CN=vocms(052|058|030|0118|0105|0109).cern.ch|/DC=ch/DC=cern/OU=computers/CN=crab-(preprod|prod)-tw(02|01).cern.ch
  trusted retrieval policy: /DC=ch/DC=cern/OU=computers/CN=vocms(052|058|030|0118|0105|0109).cern.ch|/DC=ch/DC=cern/OU=computers/CN=crab-(preprod|prod)-tw(02|01).cern.ch
  timeleft: 578:12:02  (24.1 days)

 error: 
 retcode : 0
DEBUG 2019-10-02 12:42:40.633 UTC: 	 Myproxy is valid: 2081522
DEBUG 2019-10-02 12:42:40.634 UTC: 	 Command use: status
DEBUG 2019-10-02 12:42:40.634 UTC: 	 Options use: ['-d', 'crab_projects/crab_friendTreesProducer']
DEBUG 2019-10-02 12:42:40.796 UTC: 	 CRABClient version: 3.3.1909
DEBUG 2019-10-02 12:42:40.796 UTC: 	 Instance is prod
DEBUG 2019-10-02 12:42:40.796 UTC: 	 Server base url is cmsweb.cern.ch
DEBUG 2019-10-02 12:42:40.796 UTC: 	 Command url /crabserver/prod/workflow
DEBUG 2019-10-02 12:42:40.929 UTC: 	 Got information from server oracle database: {u'result': [u'191002_115017:jniedzie_crab_friendTreesProducer', u'None', u'None', u'SUBMITTED', u'SUBMIT', u'2019-10-02 11:50:17.676668', u'None', u'2019-10-02 11:51:18.796379', u'None', u'CMSSW_9_4_6_patch1', u'slc6_amd64_gcc630', u'/WToLNuJets_HT_200_400/jniedzie-crab_pickEvents_miniAOD-18783c0a07109245951450a1a4f55409/USER', u'F', u'0', u'[]', u'[]', u'FileBased', u"{'splitOnRun': False, 'halt_job_on_file_boundaries': False, 'files_per_job': 10, 'runs': [], 'lumis': []}", u'ac1a5e6ddb937c01ce2c4de2f412f5e255cbc43830c87fce47cc96ed8d699800.tar.gz', u'https://cmsweb.cern.ch/crabcache', u'jniedzie', u'/DC=ch/DC=cern/OU=Organic Units/OU=Users/CN=jniedzie/CN=734471/CN=Jeremi Niedziela', u'cms', u'None', u'None', u'friendTreesProducer-00000000000000000000000000000000', u'F', u'T2_CH_CSCS', u'https://cmsweb.cern.ch/dbs/prod/phys03/DBSReader', u'https://cmsweb.cern.ch/dbs/prod/phys03/DBSWriter', u'F', u'[]', u"['tree_friend.root']", u'[]', u'Analysis', u'pythia', u'None', u'{}', u'[]', u'T', u'crab-prod-tw01', u'[]', u'1250', u'1', u'2000', u'10', u'None', u'[]', u'http://vocms0119.cern.ch/mon/cms1386/191002_115017:jniedzie_crab_friendTreesProducer', u'None', u'[]', u'[]', u'https://cmsweb.cern.ch/crabserver/prod', u'cmsgwms-collector-global.cern.ch:9620,cmssrv623.fnal.gov:9620', u'crab3@vocms0119.cern.ch', u'F', u'[]', u'T', u'/store/group/phys_exotica/xtracks/taggerStudy/friend_info', u'F', u'None', u'F', u'/WToLNuJets_HT_200_400/jniedzie-crab_pickEvents_HLTDIGI-424e4485a07f26f554e82f829d793003/USER', u'WToLNuJets_HT_200_400', u'None', u'7adca2d55c1d9439b68692b08af3e45fb264f54e3413937c0ba398224d0d57df.tar.gz', u'43312069', u'filetransfers', u'F', u'137.138.158.236', u'0.0', u'None'], u'desc': {u'columns': [u'tm_taskname', u'tm_activity', u'panda_jobset_id', u'tm_task_status', u'tm_task_command', u'tm_start_time', u'tm_start_injection', u'tm_end_injection', u'tm_task_failure', u'tm_job_sw', u'tm_job_arch', u'tm_input_dataset', u'tm_nonvalid_input_dataset', u'tm_use_parent', u'tm_site_whitelist', u'tm_site_blacklist', u'tm_split_algo', u'tm_split_args', u'tm_user_sandbox', u'tm_cache_url', u'tm_username', u'tm_user_dn', u'tm_user_vo', u'tm_user_role', u'tm_user_group', u'tm_publish_name', u'tm_publish_groupname', u'tm_asyncdest', u'tm_dbs_url', u'tm_publish_dbs_url', u'tm_publication', u'tm_outfiles', u'tm_tfile_outfiles', u'tm_edm_outfiles', u'tm_job_type', u'tm_generator', u'tm_events_per_lumi', u'tm_arguments', u'panda_resubmitted_jobs', u'tm_save_logs', u'tw_name', u'tm_user_infiles', u'tm_maxjobruntime', u'tm_numcores', u'tm_maxmemory', u'tm_priority', u'tm_output_dataset', u'tm_task_warnings', u'tm_user_webdir', u'tm_scriptexe', u'tm_scriptargs', u'tm_extrajdl', u'tm_asourl', u'tm_collector', u'tm_schedd', u'tm_dry_run', u'tm_user_files', u'tm_transfer_outputs', u'tm_output_lfn', u'tm_ignore_locality', u'tm_fail_limit', u'tm_one_event_mode', u'tm_secondary_input_dataset', u'tm_primary_dataset', u'tm_last_publication', u'tm_debug_files', u'clusterid', u'tm_asodb', u'tm_ignore_global_blacklist', u'tm_submitter_ip_addr', u'tm_totalunits', u'tm_ddm_reqid']}}
INFO 2019-10-02 12:42:40.930 UTC: 	 CRAB project directory:		/afs/cern.ch/work/j/jniedzie/private/CMSSW_9_4_6_patch1/src/crabFriendTrees/crab_projects/crab_friendTreesProducer
INFO 2019-10-02 12:42:40.930 UTC: 	 Task name:			191002_115017:jniedzie_crab_friendTreesProducer
INFO 2019-10-02 12:42:40.930 UTC: 	 Grid scheduler - Task Worker:	crab3@vocms0119.cern.ch - crab-prod-tw01
INFO 2019-10-02 12:42:40.930 UTC: 	 Status on the CRAB server:	SUBMITTED
INFO 2019-10-02 12:42:40.930 UTC: 	 Task URL to use for HELP:	https://cmsweb.cern.ch/crabserver/ui/task/191002_115017%3Ajniedzie_crab_friendTreesProducer
INFO 2019-10-02 12:42:40.930 UTC: 	 Dashboard monitoring URL:	http://dashb-cms-job.cern.ch/dashboard/templates/task-analysis/#user=jniedzie&refresh=0&table=Jobs&p=1&records=25&activemenu=2&status=&site=&tid=191002_115017%3Ajniedzie_crab_friendTreesProducer
INFO 2019-10-02 12:42:40.930 UTC: 	 New dashboard monitoring URL:	https://monit-grafana.cern.ch/d/cmsTMDetail/cms-task-monitoring-task-view?orgId=11&var-user=jniedzie&var-task=191002_115017%3Ajniedzie_crab_friendTreesProducer
INFO 2019-10-02 12:42:40.930 UTC: 	 In case of issues with the new dashboard, please provide feedback to hn-cms-computing-tools@cern.ch
DEBUG 2019-10-02 12:42:40.930 UTC: 	 The CRAB server submitted your task to the Grid scheduler (cluster ID: 43312069)
DEBUG 2019-10-02 12:42:40.930 UTC: 	 Webdir is located at http://vocms0119.cern.ch/mon/cms1386/191002_115017:jniedzie_crab_friendTreesProducer
DEBUG 2019-10-02 12:42:41.058 UTC: 	 Proxied webdir is located at https://cmsweb.cern.ch/scheddmon/0119/cms1386/191002_115017:jniedzie_crab_friendTreesProducer
DEBUG 2019-10-02 12:42:41.058 UTC: 	 Retrieving 'status_cache' file from https://cmsweb.cern.ch/scheddmon/0119/cms1386/191002_115017:jniedzie_crab_friendTreesProducer/status_cache
DEBUG 2019-10-02 12:42:41.168 UTC: 	 Got information from status cache file: {'1': {'Retries': 0, 'WallDurations': [0], 'StartTimes': [], 'SubmitTimes': [1570017098.0], 'JobIds': ['43312092.0'], 'EndTimes': [], 'Restarts': 0, 'RecordedSite': False, 'State': 'idle', 'ResidentSetSize': [0], 'TotalUserCpuTimeHistory': [0.0], 'SiteHistory': ['Unknown'], 'TotalSysCpuTimeHistory': [0.0]}, '3': {'Retries': 0, 'WallDurations': [0], 'StartTimes': [], 'SubmitTimes': [1570017098.0], 'JobIds': ['43312094.0'], 'EndTimes': [], 'Restarts': 0, 'RecordedSite': False, 'State': 'idle', 'ResidentSetSize': [0], 'TotalUserCpuTimeHistory': [0.0], 'SiteHistory': ['Unknown'], 'TotalSysCpuTimeHistory': [0.0]}, '2': {'Retries': 0, 'WallDurations': [0], 'StartTimes': [], 'SubmitTimes': [1570017098.0], 'JobIds': ['43312093.0'], 'EndTimes': [], 'Restarts': 0, 'RecordedSite': False, 'State': 'idle', 'ResidentSetSize': [0], 'TotalUserCpuTimeHistory': [0.0], 'SiteHistory': ['Unknown'], 'TotalSysCpuTimeHistory': [0.0]}, '5': {'Retries': 0, 'WallDurations': [0], 'StartTimes': [], 'SubmitTimes': [1570017102.0], 'JobIds': ['43312096.0'], 'EndTimes': [], 'Restarts': 0, 'RecordedSite': False, 'State': 'idle', 'ResidentSetSize': [0], 'TotalUserCpuTimeHistory': [0.0], 'SiteHistory': ['Unknown'], 'TotalSysCpuTimeHistory': [0.0]}, '4': {'Retries': 0, 'WallDurations': [0], 'StartTimes': [], 'SubmitTimes': [1570017098.0], 'JobIds': ['43312095.0'], 'EndTimes': [], 'Restarts': 0, 'RecordedSite': False, 'State': 'idle', 'ResidentSetSize': [0], 'TotalUserCpuTimeHistory': [0.0], 'SiteHistory': ['Unknown'], 'TotalSysCpuTimeHistory': [0.0]}}
INFO 2019-10-02 12:42:41.168 UTC: 	 Status on the scheduler:	SUBMITTED
INFO 2019-10-02 12:42:41.168 UTC: 	 
Jobs status:                    idle         		100.0% (5/5)
INFO 2019-10-02 12:42:41.169 UTC: 	 
No publication information (publication has been disabled in the CRAB configuration file)
INFO 2019-10-02 12:42:41.185 UTC: 	 Log file is /afs/cern.ch/work/j/jniedzie/private/CMSSW_9_4_6_patch1/src/crabFriendTrees/crab_projects/crab_friendTreesProducer/crab.log
DEBUG 2019-10-02 12:47:55.457 UTC: 	 Executing command: 'status'
DEBUG 2019-10-02 12:47:55.457 UTC: 	 Found CRAB cache file /afs/cern.ch/user/j/jniedzie/.crab3
DEBUG 2019-10-02 12:47:55.468 UTC: 	 Checking credentials
DEBUG 2019-10-02 12:47:55.468 UTC: 	 Found proxy file /afs/cern.ch/user/j/jniedzie/x509up_u32542
DEBUG 2019-10-02 12:47:55.468 UTC: 	 Getting proxy life time left
DEBUG 2019-10-02 12:47:56.273 UTC: 	 Executing : 
 command : voms-proxy-info -file /afs/cern.ch/user/j/jniedzie/x509up_u32542 -timeleft
 output : 79661

 error: 
 retcode : 0
DEBUG 2019-10-02 12:47:57.079 UTC: 	 Executing : 
 command : voms-proxy-info -file /afs/cern.ch/user/j/jniedzie/x509up_u32542 -actimeleft
 output : 79661

 error: 
 retcode : 0
DEBUG 2019-10-02 12:47:57.080 UTC: 	 Proxy valid for 22:07:41 hours
DEBUG 2019-10-02 12:47:57.194 UTC: 	 Executing : 
 command : openssl x509 -in ~/.globus/usercert.pem -subject -noout
 output : subject= /DC=ch/DC=cern/OU=Organic Units/OU=Users/CN=jniedzie/CN=734471/CN=Jeremi Niedziela

 error: 
 retcode : 0
DEBUG 2019-10-02 12:47:57.194 UTC: 	 Checking credentials
DEBUG 2019-10-02 12:47:57.194 UTC: 	 Found proxy file /afs/cern.ch/user/j/jniedzie/x509up_u32542
DEBUG 2019-10-02 12:47:57.194 UTC: 	 Getting proxy life time left
DEBUG 2019-10-02 12:47:58.002 UTC: 	 Executing : 
 command : voms-proxy-info -file /afs/cern.ch/user/j/jniedzie/x509up_u32542 -timeleft
 output : 79660

 error: 
 retcode : 0
DEBUG 2019-10-02 12:47:58.809 UTC: 	 Executing : 
 command : voms-proxy-info -file /afs/cern.ch/user/j/jniedzie/x509up_u32542 -actimeleft
 output : 79659

 error: 
 retcode : 0
DEBUG 2019-10-02 12:47:58.810 UTC: 	 Proxy lifetime 79660 secs is different from voms extension lifetime 79659 secs for proxy: /afs/cern.ch/user/j/jniedzie/x509up_u32542
DEBUG 2019-10-02 12:47:58.810 UTC: 	 Proxy valid for 22:07:39 hours
DEBUG 2019-10-02 12:47:58.952 UTC: 	 Registering user credentials for server /DC=ch/DC=cern/OU=computers/CN=vocms(052|058|030|0118|0105|0109).cern.ch|/DC=ch/DC=cern/OU=computers/CN=crab-(preprod|prod)-tw(02|01).cern.ch
DEBUG 2019-10-02 12:47:59.072 UTC: 	 Executing : 
 command : openssl x509 -in ~/.globus/usercert.pem -subject -noout
 output : subject= /DC=ch/DC=cern/OU=Organic Units/OU=Users/CN=jniedzie/CN=734471/CN=Jeremi Niedziela

 error: 
 retcode : 0
DEBUG 2019-10-02 12:47:59.072 UTC: 	 Getting myproxy life time left for myproxy.cern.ch
DEBUG 2019-10-02 12:47:59.072 UTC: 	 Calculating hash of /DC=ch/DC=cern/OU=Organic Units/OU=Users/CN=jniedzie/CN=734471/CN=Jeremi Niedziela_cmsweb.cern.ch for credential name
DEBUG 2019-10-02 12:47:59.477 UTC: 	 Executing : 
 command : myproxy-info -l 7c7cddb8cec8636ba729640195a9eb1ee7c639f4 -s myproxy.cern.ch
 output : username: 7c7cddb8cec8636ba729640195a9eb1ee7c639f4
owner: /DC=ch/DC=cern/OU=Organic Units/OU=Users/CN=jniedzie/CN=734471/CN=Jeremi Niedziela
  renewal policy: /DC=ch/DC=cern/OU=computers/CN=vocms(052|058|030|0118|0105|0109).cern.ch|/DC=ch/DC=cern/OU=computers/CN=crab-(preprod|prod)-tw(02|01).cern.ch
  trusted retrieval policy: /DC=ch/DC=cern/OU=computers/CN=vocms(052|058|030|0118|0105|0109).cern.ch|/DC=ch/DC=cern/OU=computers/CN=crab-(preprod|prod)-tw(02|01).cern.ch
  timeleft: 578:06:43  (24.1 days)

 error: 
 retcode : 0
DEBUG 2019-10-02 12:47:59.479 UTC: 	 Myproxy is valid: 2081203
DEBUG 2019-10-02 12:47:59.479 UTC: 	 Command use: status
DEBUG 2019-10-02 12:47:59.480 UTC: 	 Options use: ['-d', 'crab_projects/crab_friendTreesProducer']
DEBUG 2019-10-02 12:47:59.623 UTC: 	 CRABClient version: 3.3.1909
DEBUG 2019-10-02 12:47:59.623 UTC: 	 Instance is prod
DEBUG 2019-10-02 12:47:59.623 UTC: 	 Server base url is cmsweb.cern.ch
DEBUG 2019-10-02 12:47:59.623 UTC: 	 Command url /crabserver/prod/workflow
DEBUG 2019-10-02 12:47:59.764 UTC: 	 Got information from server oracle database: {u'result': [u'191002_115017:jniedzie_crab_friendTreesProducer', u'None', u'None', u'SUBMITTED', u'SUBMIT', u'2019-10-02 11:50:17.676668', u'None', u'2019-10-02 11:51:18.796379', u'None', u'CMSSW_9_4_6_patch1', u'slc6_amd64_gcc630', u'/WToLNuJets_HT_200_400/jniedzie-crab_pickEvents_miniAOD-18783c0a07109245951450a1a4f55409/USER', u'F', u'0', u'[]', u'[]', u'FileBased', u"{'splitOnRun': False, 'halt_job_on_file_boundaries': False, 'files_per_job': 10, 'runs': [], 'lumis': []}", u'ac1a5e6ddb937c01ce2c4de2f412f5e255cbc43830c87fce47cc96ed8d699800.tar.gz', u'https://cmsweb.cern.ch/crabcache', u'jniedzie', u'/DC=ch/DC=cern/OU=Organic Units/OU=Users/CN=jniedzie/CN=734471/CN=Jeremi Niedziela', u'cms', u'None', u'None', u'friendTreesProducer-00000000000000000000000000000000', u'F', u'T2_CH_CSCS', u'https://cmsweb.cern.ch/dbs/prod/phys03/DBSReader', u'https://cmsweb.cern.ch/dbs/prod/phys03/DBSWriter', u'F', u'[]', u"['tree_friend.root']", u'[]', u'Analysis', u'pythia', u'None', u'{}', u'[]', u'T', u'crab-prod-tw01', u'[]', u'1250', u'1', u'2000', u'10', u'None', u'[]', u'http://vocms0119.cern.ch/mon/cms1386/191002_115017:jniedzie_crab_friendTreesProducer', u'None', u'[]', u'[]', u'https://cmsweb.cern.ch/crabserver/prod', u'cmsgwms-collector-global.cern.ch:9620,cmssrv623.fnal.gov:9620', u'crab3@vocms0119.cern.ch', u'F', u'[]', u'T', u'/store/group/phys_exotica/xtracks/taggerStudy/friend_info', u'F', u'None', u'F', u'/WToLNuJets_HT_200_400/jniedzie-crab_pickEvents_HLTDIGI-424e4485a07f26f554e82f829d793003/USER', u'WToLNuJets_HT_200_400', u'None', u'7adca2d55c1d9439b68692b08af3e45fb264f54e3413937c0ba398224d0d57df.tar.gz', u'43312069', u'filetransfers', u'F', u'137.138.158.236', u'0.0', u'None'], u'desc': {u'columns': [u'tm_taskname', u'tm_activity', u'panda_jobset_id', u'tm_task_status', u'tm_task_command', u'tm_start_time', u'tm_start_injection', u'tm_end_injection', u'tm_task_failure', u'tm_job_sw', u'tm_job_arch', u'tm_input_dataset', u'tm_nonvalid_input_dataset', u'tm_use_parent', u'tm_site_whitelist', u'tm_site_blacklist', u'tm_split_algo', u'tm_split_args', u'tm_user_sandbox', u'tm_cache_url', u'tm_username', u'tm_user_dn', u'tm_user_vo', u'tm_user_role', u'tm_user_group', u'tm_publish_name', u'tm_publish_groupname', u'tm_asyncdest', u'tm_dbs_url', u'tm_publish_dbs_url', u'tm_publication', u'tm_outfiles', u'tm_tfile_outfiles', u'tm_edm_outfiles', u'tm_job_type', u'tm_generator', u'tm_events_per_lumi', u'tm_arguments', u'panda_resubmitted_jobs', u'tm_save_logs', u'tw_name', u'tm_user_infiles', u'tm_maxjobruntime', u'tm_numcores', u'tm_maxmemory', u'tm_priority', u'tm_output_dataset', u'tm_task_warnings', u'tm_user_webdir', u'tm_scriptexe', u'tm_scriptargs', u'tm_extrajdl', u'tm_asourl', u'tm_collector', u'tm_schedd', u'tm_dry_run', u'tm_user_files', u'tm_transfer_outputs', u'tm_output_lfn', u'tm_ignore_locality', u'tm_fail_limit', u'tm_one_event_mode', u'tm_secondary_input_dataset', u'tm_primary_dataset', u'tm_last_publication', u'tm_debug_files', u'clusterid', u'tm_asodb', u'tm_ignore_global_blacklist', u'tm_submitter_ip_addr', u'tm_totalunits', u'tm_ddm_reqid']}}
INFO 2019-10-02 12:47:59.765 UTC: 	 CRAB project directory:		/afs/cern.ch/work/j/jniedzie/private/CMSSW_9_4_6_patch1/src/crabFriendTrees/crab_projects/crab_friendTreesProducer
INFO 2019-10-02 12:47:59.765 UTC: 	 Task name:			191002_115017:jniedzie_crab_friendTreesProducer
INFO 2019-10-02 12:47:59.765 UTC: 	 Grid scheduler - Task Worker:	crab3@vocms0119.cern.ch - crab-prod-tw01
INFO 2019-10-02 12:47:59.766 UTC: 	 Status on the CRAB server:	SUBMITTED
INFO 2019-10-02 12:47:59.766 UTC: 	 Task URL to use for HELP:	https://cmsweb.cern.ch/crabserver/ui/task/191002_115017%3Ajniedzie_crab_friendTreesProducer
INFO 2019-10-02 12:47:59.766 UTC: 	 Dashboard monitoring URL:	http://dashb-cms-job.cern.ch/dashboard/templates/task-analysis/#user=jniedzie&refresh=0&table=Jobs&p=1&records=25&activemenu=2&status=&site=&tid=191002_115017%3Ajniedzie_crab_friendTreesProducer
INFO 2019-10-02 12:47:59.766 UTC: 	 New dashboard monitoring URL:	https://monit-grafana.cern.ch/d/cmsTMDetail/cms-task-monitoring-task-view?orgId=11&var-user=jniedzie&var-task=191002_115017%3Ajniedzie_crab_friendTreesProducer
INFO 2019-10-02 12:47:59.766 UTC: 	 In case of issues with the new dashboard, please provide feedback to hn-cms-computing-tools@cern.ch
DEBUG 2019-10-02 12:47:59.766 UTC: 	 The CRAB server submitted your task to the Grid scheduler (cluster ID: 43312069)
DEBUG 2019-10-02 12:47:59.766 UTC: 	 Webdir is located at http://vocms0119.cern.ch/mon/cms1386/191002_115017:jniedzie_crab_friendTreesProducer
DEBUG 2019-10-02 12:47:59.977 UTC: 	 Proxied webdir is located at https://cmsweb.cern.ch/scheddmon/0119/cms1386/191002_115017:jniedzie_crab_friendTreesProducer
DEBUG 2019-10-02 12:47:59.977 UTC: 	 Retrieving 'status_cache' file from https://cmsweb.cern.ch/scheddmon/0119/cms1386/191002_115017:jniedzie_crab_friendTreesProducer/status_cache
DEBUG 2019-10-02 12:48:00.093 UTC: 	 Got information from status cache file: {'1': {'Retries': 0, 'WallDurations': [0], 'StartTimes': [], 'SubmitTimes': [1570017098.0], 'JobIds': ['43312092.0'], 'EndTimes': [], 'Restarts': 0, 'RecordedSite': False, 'State': 'idle', 'ResidentSetSize': [0], 'TotalUserCpuTimeHistory': [0.0], 'SiteHistory': ['Unknown'], 'TotalSysCpuTimeHistory': [0.0]}, '3': {'Retries': 0, 'WallDurations': [0], 'StartTimes': [], 'SubmitTimes': [1570017098.0], 'JobIds': ['43312094.0'], 'EndTimes': [], 'Restarts': 0, 'RecordedSite': False, 'State': 'idle', 'ResidentSetSize': [0], 'TotalUserCpuTimeHistory': [0.0], 'SiteHistory': ['Unknown'], 'TotalSysCpuTimeHistory': [0.0]}, '2': {'Retries': 0, 'WallDurations': [0], 'StartTimes': [], 'SubmitTimes': [1570017098.0], 'JobIds': ['43312093.0'], 'EndTimes': [], 'Restarts': 0, 'RecordedSite': False, 'State': 'idle', 'ResidentSetSize': [0], 'TotalUserCpuTimeHistory': [0.0], 'SiteHistory': ['Unknown'], 'TotalSysCpuTimeHistory': [0.0]}, '5': {'Retries': 0, 'WallDurations': [0], 'StartTimes': [], 'SubmitTimes': [1570017102.0], 'JobIds': ['43312096.0'], 'EndTimes': [], 'Restarts': 0, 'RecordedSite': False, 'State': 'idle', 'ResidentSetSize': [0], 'TotalUserCpuTimeHistory': [0.0], 'SiteHistory': ['Unknown'], 'TotalSysCpuTimeHistory': [0.0]}, '4': {'Retries': 0, 'WallDurations': [0], 'StartTimes': [], 'SubmitTimes': [1570017098.0], 'JobIds': ['43312095.0'], 'EndTimes': [], 'Restarts': 0, 'RecordedSite': False, 'State': 'idle', 'ResidentSetSize': [0], 'TotalUserCpuTimeHistory': [0.0], 'SiteHistory': ['Unknown'], 'TotalSysCpuTimeHistory': [0.0]}}
INFO 2019-10-02 12:48:00.093 UTC: 	 Status on the scheduler:	SUBMITTED
INFO 2019-10-02 12:48:00.093 UTC: 	 
Jobs status:                    idle         		100.0% (5/5)
INFO 2019-10-02 12:48:00.093 UTC: 	 
No publication information (publication has been disabled in the CRAB configuration file)
INFO 2019-10-02 12:48:00.120 UTC: 	 Log file is /afs/cern.ch/work/j/jniedzie/private/CMSSW_9_4_6_patch1/src/crabFriendTrees/crab_projects/crab_friendTreesProducer/crab.log
DEBUG 2019-10-02 12:52:17.796 UTC: 	 Executing command: 'status'
DEBUG 2019-10-02 12:52:17.797 UTC: 	 Found CRAB cache file /afs/cern.ch/user/j/jniedzie/.crab3
DEBUG 2019-10-02 12:52:17.808 UTC: 	 Checking credentials
DEBUG 2019-10-02 12:52:17.808 UTC: 	 Found proxy file /afs/cern.ch/user/j/jniedzie/x509up_u32542
DEBUG 2019-10-02 12:52:17.808 UTC: 	 Getting proxy life time left
DEBUG 2019-10-02 12:52:18.719 UTC: 	 Executing : 
 command : voms-proxy-info -file /afs/cern.ch/user/j/jniedzie/x509up_u32542 -timeleft
 output : 79399

 error: 
 retcode : 0
DEBUG 2019-10-02 12:52:19.531 UTC: 	 Executing : 
 command : voms-proxy-info -file /afs/cern.ch/user/j/jniedzie/x509up_u32542 -actimeleft
 output : 79398

 error: 
 retcode : 0
DEBUG 2019-10-02 12:52:19.532 UTC: 	 Proxy lifetime 79399 secs is different from voms extension lifetime 79398 secs for proxy: /afs/cern.ch/user/j/jniedzie/x509up_u32542
DEBUG 2019-10-02 12:52:19.532 UTC: 	 Proxy valid for 22:03:18 hours
DEBUG 2019-10-02 12:52:19.681 UTC: 	 Executing : 
 command : openssl x509 -in ~/.globus/usercert.pem -subject -noout
 output : subject= /DC=ch/DC=cern/OU=Organic Units/OU=Users/CN=jniedzie/CN=734471/CN=Jeremi Niedziela

 error: 
 retcode : 0
DEBUG 2019-10-02 12:52:19.681 UTC: 	 Checking credentials
DEBUG 2019-10-02 12:52:19.681 UTC: 	 Found proxy file /afs/cern.ch/user/j/jniedzie/x509up_u32542
DEBUG 2019-10-02 12:52:19.681 UTC: 	 Getting proxy life time left
DEBUG 2019-10-02 12:52:20.488 UTC: 	 Executing : 
 command : voms-proxy-info -file /afs/cern.ch/user/j/jniedzie/x509up_u32542 -timeleft
 output : 79397

 error: 
 retcode : 0
DEBUG 2019-10-02 12:52:21.295 UTC: 	 Executing : 
 command : voms-proxy-info -file /afs/cern.ch/user/j/jniedzie/x509up_u32542 -actimeleft
 output : 79396

 error: 
 retcode : 0
DEBUG 2019-10-02 12:52:21.295 UTC: 	 Proxy lifetime 79397 secs is different from voms extension lifetime 79396 secs for proxy: /afs/cern.ch/user/j/jniedzie/x509up_u32542
DEBUG 2019-10-02 12:52:21.296 UTC: 	 Proxy valid for 22:03:16 hours
DEBUG 2019-10-02 12:52:21.433 UTC: 	 Registering user credentials for server /DC=ch/DC=cern/OU=computers/CN=vocms(052|058|030|0118|0105|0109).cern.ch|/DC=ch/DC=cern/OU=computers/CN=crab-(preprod|prod)-tw(02|01).cern.ch
DEBUG 2019-10-02 12:52:21.543 UTC: 	 Executing : 
 command : openssl x509 -in ~/.globus/usercert.pem -subject -noout
 output : subject= /DC=ch/DC=cern/OU=Organic Units/OU=Users/CN=jniedzie/CN=734471/CN=Jeremi Niedziela

 error: 
 retcode : 0
DEBUG 2019-10-02 12:52:21.544 UTC: 	 Getting myproxy life time left for myproxy.cern.ch
DEBUG 2019-10-02 12:52:21.544 UTC: 	 Calculating hash of /DC=ch/DC=cern/OU=Organic Units/OU=Users/CN=jniedzie/CN=734471/CN=Jeremi Niedziela_cmsweb.cern.ch for credential name
DEBUG 2019-10-02 12:52:21.949 UTC: 	 Executing : 
 command : myproxy-info -l 7c7cddb8cec8636ba729640195a9eb1ee7c639f4 -s myproxy.cern.ch
 output : username: 7c7cddb8cec8636ba729640195a9eb1ee7c639f4
owner: /DC=ch/DC=cern/OU=Organic Units/OU=Users/CN=jniedzie/CN=734471/CN=Jeremi Niedziela
  renewal policy: /DC=ch/DC=cern/OU=computers/CN=vocms(052|058|030|0118|0105|0109).cern.ch|/DC=ch/DC=cern/OU=computers/CN=crab-(preprod|prod)-tw(02|01).cern.ch
  trusted retrieval policy: /DC=ch/DC=cern/OU=computers/CN=vocms(052|058|030|0118|0105|0109).cern.ch|/DC=ch/DC=cern/OU=computers/CN=crab-(preprod|prod)-tw(02|01).cern.ch
  timeleft: 578:02:21  (24.1 days)

 error: 
 retcode : 0
DEBUG 2019-10-02 12:52:21.950 UTC: 	 Myproxy is valid: 2080941
DEBUG 2019-10-02 12:52:21.951 UTC: 	 Command use: status
DEBUG 2019-10-02 12:52:21.951 UTC: 	 Options use: ['-d', 'crab_projects/crab_friendTreesProducer']
DEBUG 2019-10-02 12:52:22.056 UTC: 	 CRABClient version: 3.3.1909
DEBUG 2019-10-02 12:52:22.056 UTC: 	 Instance is prod
DEBUG 2019-10-02 12:52:22.056 UTC: 	 Server base url is cmsweb.cern.ch
DEBUG 2019-10-02 12:52:22.056 UTC: 	 Command url /crabserver/prod/workflow
DEBUG 2019-10-02 12:52:22.202 UTC: 	 Got information from server oracle database: {u'result': [u'191002_115017:jniedzie_crab_friendTreesProducer', u'None', u'None', u'SUBMITTED', u'SUBMIT', u'2019-10-02 11:50:17.676668', u'None', u'2019-10-02 11:51:18.796379', u'None', u'CMSSW_9_4_6_patch1', u'slc6_amd64_gcc630', u'/WToLNuJets_HT_200_400/jniedzie-crab_pickEvents_miniAOD-18783c0a07109245951450a1a4f55409/USER', u'F', u'0', u'[]', u'[]', u'FileBased', u"{'splitOnRun': False, 'halt_job_on_file_boundaries': False, 'files_per_job': 10, 'runs': [], 'lumis': []}", u'ac1a5e6ddb937c01ce2c4de2f412f5e255cbc43830c87fce47cc96ed8d699800.tar.gz', u'https://cmsweb.cern.ch/crabcache', u'jniedzie', u'/DC=ch/DC=cern/OU=Organic Units/OU=Users/CN=jniedzie/CN=734471/CN=Jeremi Niedziela', u'cms', u'None', u'None', u'friendTreesProducer-00000000000000000000000000000000', u'F', u'T2_CH_CSCS', u'https://cmsweb.cern.ch/dbs/prod/phys03/DBSReader', u'https://cmsweb.cern.ch/dbs/prod/phys03/DBSWriter', u'F', u'[]', u"['tree_friend.root']", u'[]', u'Analysis', u'pythia', u'None', u'{}', u'[]', u'T', u'crab-prod-tw01', u'[]', u'1250', u'1', u'2000', u'10', u'None', u'[]', u'http://vocms0119.cern.ch/mon/cms1386/191002_115017:jniedzie_crab_friendTreesProducer', u'None', u'[]', u'[]', u'https://cmsweb.cern.ch/crabserver/prod', u'cmsgwms-collector-global.cern.ch:9620,cmssrv623.fnal.gov:9620', u'crab3@vocms0119.cern.ch', u'F', u'[]', u'T', u'/store/group/phys_exotica/xtracks/taggerStudy/friend_info', u'F', u'None', u'F', u'/WToLNuJets_HT_200_400/jniedzie-crab_pickEvents_HLTDIGI-424e4485a07f26f554e82f829d793003/USER', u'WToLNuJets_HT_200_400', u'None', u'7adca2d55c1d9439b68692b08af3e45fb264f54e3413937c0ba398224d0d57df.tar.gz', u'43312069', u'filetransfers', u'F', u'137.138.158.236', u'0.0', u'None'], u'desc': {u'columns': [u'tm_taskname', u'tm_activity', u'panda_jobset_id', u'tm_task_status', u'tm_task_command', u'tm_start_time', u'tm_start_injection', u'tm_end_injection', u'tm_task_failure', u'tm_job_sw', u'tm_job_arch', u'tm_input_dataset', u'tm_nonvalid_input_dataset', u'tm_use_parent', u'tm_site_whitelist', u'tm_site_blacklist', u'tm_split_algo', u'tm_split_args', u'tm_user_sandbox', u'tm_cache_url', u'tm_username', u'tm_user_dn', u'tm_user_vo', u'tm_user_role', u'tm_user_group', u'tm_publish_name', u'tm_publish_groupname', u'tm_asyncdest', u'tm_dbs_url', u'tm_publish_dbs_url', u'tm_publication', u'tm_outfiles', u'tm_tfile_outfiles', u'tm_edm_outfiles', u'tm_job_type', u'tm_generator', u'tm_events_per_lumi', u'tm_arguments', u'panda_resubmitted_jobs', u'tm_save_logs', u'tw_name', u'tm_user_infiles', u'tm_maxjobruntime', u'tm_numcores', u'tm_maxmemory', u'tm_priority', u'tm_output_dataset', u'tm_task_warnings', u'tm_user_webdir', u'tm_scriptexe', u'tm_scriptargs', u'tm_extrajdl', u'tm_asourl', u'tm_collector', u'tm_schedd', u'tm_dry_run', u'tm_user_files', u'tm_transfer_outputs', u'tm_output_lfn', u'tm_ignore_locality', u'tm_fail_limit', u'tm_one_event_mode', u'tm_secondary_input_dataset', u'tm_primary_dataset', u'tm_last_publication', u'tm_debug_files', u'clusterid', u'tm_asodb', u'tm_ignore_global_blacklist', u'tm_submitter_ip_addr', u'tm_totalunits', u'tm_ddm_reqid']}}
INFO 2019-10-02 12:52:22.203 UTC: 	 CRAB project directory:		/afs/cern.ch/work/j/jniedzie/private/CMSSW_9_4_6_patch1/src/crabFriendTrees/crab_projects/crab_friendTreesProducer
INFO 2019-10-02 12:52:22.204 UTC: 	 Task name:			191002_115017:jniedzie_crab_friendTreesProducer
INFO 2019-10-02 12:52:22.204 UTC: 	 Grid scheduler - Task Worker:	crab3@vocms0119.cern.ch - crab-prod-tw01
INFO 2019-10-02 12:52:22.204 UTC: 	 Status on the CRAB server:	SUBMITTED
INFO 2019-10-02 12:52:22.204 UTC: 	 Task URL to use for HELP:	https://cmsweb.cern.ch/crabserver/ui/task/191002_115017%3Ajniedzie_crab_friendTreesProducer
INFO 2019-10-02 12:52:22.204 UTC: 	 Dashboard monitoring URL:	http://dashb-cms-job.cern.ch/dashboard/templates/task-analysis/#user=jniedzie&refresh=0&table=Jobs&p=1&records=25&activemenu=2&status=&site=&tid=191002_115017%3Ajniedzie_crab_friendTreesProducer
INFO 2019-10-02 12:52:22.204 UTC: 	 New dashboard monitoring URL:	https://monit-grafana.cern.ch/d/cmsTMDetail/cms-task-monitoring-task-view?orgId=11&var-user=jniedzie&var-task=191002_115017%3Ajniedzie_crab_friendTreesProducer
INFO 2019-10-02 12:52:22.204 UTC: 	 In case of issues with the new dashboard, please provide feedback to hn-cms-computing-tools@cern.ch
DEBUG 2019-10-02 12:52:22.204 UTC: 	 The CRAB server submitted your task to the Grid scheduler (cluster ID: 43312069)
DEBUG 2019-10-02 12:52:22.204 UTC: 	 Webdir is located at http://vocms0119.cern.ch/mon/cms1386/191002_115017:jniedzie_crab_friendTreesProducer
DEBUG 2019-10-02 12:52:22.342 UTC: 	 Proxied webdir is located at https://cmsweb.cern.ch/scheddmon/0119/cms1386/191002_115017:jniedzie_crab_friendTreesProducer
DEBUG 2019-10-02 12:52:22.343 UTC: 	 Retrieving 'status_cache' file from https://cmsweb.cern.ch/scheddmon/0119/cms1386/191002_115017:jniedzie_crab_friendTreesProducer/status_cache
DEBUG 2019-10-02 12:52:22.453 UTC: 	 Got information from status cache file: {'1': {'Retries': 0, 'WallDurations': [0], 'StartTimes': [], 'SubmitTimes': [1570017098.0], 'JobIds': ['43312092.0'], 'EndTimes': [], 'Restarts': 0, 'RecordedSite': False, 'State': 'idle', 'ResidentSetSize': [0], 'TotalUserCpuTimeHistory': [0.0], 'SiteHistory': ['Unknown'], 'TotalSysCpuTimeHistory': [0.0]}, '3': {'Retries': 0, 'WallDurations': [0], 'StartTimes': [], 'SubmitTimes': [1570017098.0], 'JobIds': ['43312094.0'], 'EndTimes': [], 'Restarts': 0, 'RecordedSite': False, 'State': 'idle', 'ResidentSetSize': [0], 'TotalUserCpuTimeHistory': [0.0], 'SiteHistory': ['Unknown'], 'TotalSysCpuTimeHistory': [0.0]}, '2': {'Retries': 0, 'WallDurations': [0], 'StartTimes': [], 'SubmitTimes': [1570017098.0], 'JobIds': ['43312093.0'], 'EndTimes': [], 'Restarts': 0, 'RecordedSite': False, 'State': 'idle', 'ResidentSetSize': [0], 'TotalUserCpuTimeHistory': [0.0], 'SiteHistory': ['Unknown'], 'TotalSysCpuTimeHistory': [0.0]}, '5': {'Retries': 0, 'WallDurations': [0], 'StartTimes': [], 'SubmitTimes': [1570017102.0], 'JobIds': ['43312096.0'], 'EndTimes': [], 'Restarts': 0, 'RecordedSite': False, 'State': 'idle', 'ResidentSetSize': [0], 'TotalUserCpuTimeHistory': [0.0], 'SiteHistory': ['Unknown'], 'TotalSysCpuTimeHistory': [0.0]}, '4': {'Retries': 0, 'WallDurations': [0], 'StartTimes': [], 'SubmitTimes': [1570017098.0], 'JobIds': ['43312095.0'], 'EndTimes': [], 'Restarts': 0, 'RecordedSite': False, 'State': 'idle', 'ResidentSetSize': [0], 'TotalUserCpuTimeHistory': [0.0], 'SiteHistory': ['Unknown'], 'TotalSysCpuTimeHistory': [0.0]}}
INFO 2019-10-02 12:52:22.453 UTC: 	 Status on the scheduler:	SUBMITTED
INFO 2019-10-02 12:52:22.453 UTC: 	 
Jobs status:                    idle         		100.0% (5/5)
INFO 2019-10-02 12:52:22.453 UTC: 	 
No publication information (publication has been disabled in the CRAB configuration file)
INFO 2019-10-02 12:52:22.471 UTC: 	 Log file is /afs/cern.ch/work/j/jniedzie/private/CMSSW_9_4_6_patch1/src/crabFriendTrees/crab_projects/crab_friendTreesProducer/crab.log
